#
# A fatal error has been detected by the Java Runtime Environment:
#
#  EXCEPTION_ACCESS_VIOLATION (0xc0000005) at pc=0x000001bea61f102f, pid=3808, tid=16420
#
# JRE version: Java(TM) SE Runtime Environment (21.0.2+13) (build 21.0.2+13-LTS-58)
# Java VM: Java HotSpot(TM) 64-Bit Server VM (21.0.2+13-LTS-58, mixed mode, emulated-client, sharing, tiered, compressed oops, compressed class ptrs, g1 gc, windows-amd64)
# Problematic frame:
# v  ~BufferBlob::MethodHandles adapters 0x000001bea61f102f
#
# No core dump will be written. Minidumps are not enabled by default on client versions of Windows
#
# If you would like to submit a bug report, please visit:
#   https://bugreport.java.com/bugreport/crash.jsp
#

---------------  S U M M A R Y ------------

Command Line: -XX:+ShowCodeDetailsInExceptionMessages -agentlib:jdwp=transport=dt_socket,suspend=y,address=localhost:52563 -Dcom.sun.management.jmxremote -Dcom.sun.management.jmxremote.port=52561 -Dcom.sun.management.jmxremote.authenticate=false -Dcom.sun.management.jmxremote.ssl=false -Djava.rmi.server.hostname=localhost -Dspring.jmx.enabled=true -Dmanagement.endpoints.jmx.exposure.include=* -Dspring.application.admin.enabled=true -XX:TieredStopAtLevel=1 -Dspring.boot.project.name=desafio-backend -javaagent:C:\Users\char_\eclipse\java-2023-12\eclipse\configuration\org.eclipse.osgi\722\0\.cp\lib\javaagent-shaded.jar -Dfile.encoding=UTF-8 -Dstdout.encoding=UTF-8 -Dstderr.encoding=UTF-8 com.charles.desafiobackend.DesafioBackendApplication --spring.output.ansi.enabled=always

Host: 13th Gen Intel(R) Core(TM) i5-13420H, 12 cores, 7G,  Windows 11 , 64 bit Build 22621 (10.0.22621.3527)
Time: Tue May 21 10:49:05 2024 Hora Padrão de Buenos Aires elapsed time: 10356.254785 seconds (0d 2h 52m 36s)

---------------  T H R E A D  ---------------

Current thread (0x000001bef7efd360):  JavaThread "restartedMain"        [_thread_in_Java, id=16420, stack(0x000000aaae500000,0x000000aaae600000) (1024K)]

Stack: [0x000000aaae500000,0x000000aaae600000],  sp=0x000000aaae5fe128,  free space=1016k
Native frames: (J=compiled Java code, j=interpreted, Vv=VM code, C=native code)
C  0x000001bea61f102f

The last pc belongs to _linkToSpecial (printed below).

siginfo: EXCEPTION_ACCESS_VIOLATION (0xc0000005), reading address 0xffffffffffffffff


Registers:
RAX=0x000001bea61c9086, RBX=0x8b5ed96000000000, RCX=0x000000aaae5fe130, RDX=0x0000000000000002
RSP=0x000000aaae5fe128, RBP=0x000000aaae5fe178, RSI=0x000001beaedaed68, RDI=0x000001bef6abefc0
R8 =0x0000000000000004, R9 =0x0000000000000004, R10=0x00007ffb554fc610, R11=0x000001beaf0b6c70
R12=0x0000000000000000, R13=0x000000aaae5fe128, R14=0x000000aaae5fe198, R15=0x000001bef7efd360
RIP=0x000001bea61f102f, EFLAGS=0x0000000000010246


Register to memory mapping:

RAX=0x000001bea61c9086 is at code_begin+3078 in an Interpreter codelet
return entry points  [0x000001bea61c8480, 0x000001bea61ca298]  7704 bytes
RBX=0x8b5ed96000000000 is an unknown value
RCX=0x000000aaae5fe130 is pointing into the stack for thread: 0x000001bef7efd360
RDX=0x0000000000000002 is an unknown value
RSP=0x000000aaae5fe128 is pointing into the stack for thread: 0x000001bef7efd360
RBP=0x000000aaae5fe178 is pointing into the stack for thread: 0x000001bef7efd360
RSI=0x000001beaedaed68 points into unknown readable memory: 0x880021005434bdb8 | b8 bd 34 54 00 21 00 88
RDI=0x000001bef6abefc0 points into unknown readable memory: 0x0000001800000070 | 70 00 00 00 18 00 00 00
R8 =0x0000000000000004 is an unknown value
R9 =0x0000000000000004 is an unknown value
R10=0x00007ffb554fc610 jvm.dll
R11={method} {0x000001beaf0b6c78} 'newInvokeSpecial' '(Ljava/lang/Object;)Ljava/lang/Object;' in 'java/lang/invoke/DirectMethodHandle$Holder'
R12=0x0 is null
R13=0x000000aaae5fe128 is pointing into the stack for thread: 0x000001bef7efd360
R14=0x000000aaae5fe198 is pointing into the stack for thread: 0x000001bef7efd360
R15=0x000001bef7efd360 is a thread

Top of Stack: (sp=0x000000aaae5fe128)
0x000000aaae5fe128:   000001bea61c9086 000000aaae5fe130
0x000000aaae5fe138:   000001beaf72de87 0000000000000004
0x000000aaae5fe148:   000001beaf0b2128 000000008855ceb8
0x000000aaae5fe158:   0000000086002b90 000001beaf0b6c70
0x000000aaae5fe168:   000000aaae5fe128 000000aaae5fe1a0
0x000000aaae5fe178:   000000aaae5fe510 000001bea6600d03
0x000000aaae5fe188:   000000008b5ed868 000000008b5ed910
0x000000aaae5fe198:   000000008b5ed8c8 000000008b5ed678
0x000000aaae5fe1a8:   000001bef7efd360 000000aaae5fe510
0x000000aaae5fe1b8:   000001bea6c4967c 000000aaae5fd028
0x000000aaae5fe1c8:   000001bea61dea39 000001bea61c8190
0x000000aaae5fe1d8:   0000000000000000 0000010000000000
0x000000aaae5fe1e8:   000000aaae5fd078 000000aaae5fd028
0x000000aaae5fe1f8:   000000aaae5fd028 000001bea61dea39
0x000000aaae5fe208:   000001bea61c8190 0000000000000000
0x000000aaae5fe218:   00000000860024b8 000000008855ceb8
0x000000aaae5fe228:   000000008b5ed540 000000008b5ed540
0x000000aaae5fe238:   000000008b5ed678 000000008b5ed8f8
0x000000aaae5fe248:   000000008b5ed6d0 000000008855ceb8
0x000000aaae5fe258:   0000000000000001 000000aaae5fe510
0x000000aaae5fe268:   000001be00000000 0000000000000000
0x000000aaae5fe278:   0000000000000000 000000008b5ed8c8
0x000000aaae5fe288:   000001bea65fb75c 0000000000000000
0x000000aaae5fe298:   0000000000000000 0000000000000000
0x000000aaae5fe2a8:   00007ffb54b99c00 000001bef7efd360
0x000000aaae5fe2b8:   0000000000000000 000000008b5ed678
0x000000aaae5fe2c8:   0000000000000000 000000008b5ed540
0x000000aaae5fe2d8:   000000008b5ed8f8 000000008b5ed678
0x000000aaae5fe2e8:   0000000000000000 0000000000000000
0x000000aaae5fe2f8:   000001bea6600234 000000aaae5fe510
0x000000aaae5fe308:   000001bea65640ea 0000000000000000
0x000000aaae5fe318:   000001bea6496fa9 000001bef7efd360 

Instructions: (pc=0x000001bea61f102f)
0x000001bea61f0f2f:   8b 5b 28 8b 5b 24 48 8b 5b 10 48 85 db 0f 84 10
0x000001bea61f0f3f:   00 00 00 41 80 bf e0 05 00 00 00 74 03 ff 63 38
0x000001bea61f0f4f:   ff 63 50 e9 a9 16 00 00 66 0f 1f 84 00 00 00 00
0x000001bea61f0f5f:   00 48 8b 53 08 0f b7 52 2e 48 8b 0c d4 58 5b 50
0x000001bea61f0f6f:   44 8b 51 08 49 bb 00 00 00 af be 01 00 00 4d 03
0x000001bea61f0f7f:   d3 4c 8b 5b 10 4b 8b 9c da c8 01 00 00 48 85 db
0x000001bea61f0f8f:   0f 84 10 00 00 00 41 80 bf e0 05 00 00 00 74 03
0x000001bea61f0f9f:   ff 63 38 ff 63 50 e9 56 16 00 00 66 66 66 0f 1f
0x000001bea61f0faf:   84 00 00 00 00 00 66 66 66 90 0f 1f 80 00 00 00
0x000001bea61f0fbf:   00 58 5b 50 8b 5b 24 48 8b 5b 10 48 85 db 0f 84
0x000001bea61f0fcf:   10 00 00 00 41 80 bf e0 05 00 00 00 74 03 ff 63
0x000001bea61f0fdf:   38 ff 63 50 e9 18 16 00 00 66 66 66 0f 1f 84 00
0x000001bea61f0fef:   00 00 00 00 66 66 66 90 66 0f 1f 84 00 00 00 00
0x000001bea61f0fff:   00 48 8b 53 08 0f b7 52 2e 48 8b 0c d4 58 5b 50
0x000001bea61f100f:   48 3b 01 8b 5b 24 48 8b 5b 10 48 85 db 0f 84 10
0x000001bea61f101f:   00 00 00 41 80 bf e0 05 00 00 00 74 03 ff 63 38
0x000001bea61f102f:   ff 63 50 e9 c9 15 00 00 66 0f 1f 84 00 00 00 00
0x000001bea61f103f:   00 48 8b 53 08 0f b7 52 2e 48 8b 0c d4 58 5b 50
0x000001bea61f104f:   44 8b 51 08 49 bb 00 00 00 af be 01 00 00 4d 03
0x000001bea61f105f:   d3 8b 43 18 48 8b 40 10 48 8b 5b 10 45 8b 9a a0
0x000001bea61f106f:   00 00 00 4f 8d 9c da c8 01 00 00 4d 8d 14 da 49
0x000001bea61f107f:   8b 1b 48 3b c3 74 15 48 85 db 0f 84 32 00 00 00
0x000001bea61f108f:   49 83 c3 10 49 8b 1b 48 3b c3 75 eb 45 8b 5b 08
0x000001bea61f109f:   4b 8b 1c 1a 48 85 db 0f 84 10 00 00 00 41 80 bf
0x000001bea61f10af:   e0 05 00 00 00 74 03 ff 63 38 ff 63 50 e9 3f 15
0x000001bea61f10bf:   00 00 e9 3a 12 00 00 f4 00 00 00 00 00 00 00 00
0x000001bea61f10cf:   00 00 00 00 00 00 00 00 00 00 00 00 00 00 00 00
0x000001bea61f10df:   00 00 00 00 00 00 00 00 00 00 00 00 00 00 00 00
0x000001bea61f10ef:   00 00 00 00 00 00 00 00 00 00 00 00 00 00 00 00
0x000001bea61f10ff:   00 00 00 00 00 00 00 00 00 00 00 00 00 00 00 00
0x000001bea61f110f:   00 00 00 00 00 00 00 00 00 00 00 00 00 00 00 00
0x000001bea61f111f:   00 00 00 00 00 00 00 00 00 00 00 00 00 00 00 00 


Stack slot to memory mapping:

stack at sp + 0 slots: 0x000001bea61c9086 is at code_begin+3078 in an Interpreter codelet
return entry points  [0x000001bea61c8480, 0x000001bea61ca298]  7704 bytes
stack at sp + 1 slots: 0x000000aaae5fe130 is pointing into the stack for thread: 0x000001bef7efd360
stack at sp + 2 slots: 0x000001beaf72de87 is pointing into metadata
stack at sp + 3 slots: 0x0000000000000004 is an unknown value
stack at sp + 4 slots: 0x000001beaf0b2128 is pointing into metadata
stack at sp + 5 slots: 0x000000008855ceb8 is an oop: java.lang.Class 
{0x000000008855ceb8} - klass: 'java/lang/Class'
 - ---- fields (total size 14 words):
 - private volatile transient 'classRedefinedCount' 'I' @12  0 (0x00000000)
 - injected 'klass' 'J' @16  1918509716520 (0x000001beb0171428)
 - injected 'array_klass' 'J' @24  0 (0x0000000000000000)
 - injected 'oop_size' 'I' @32  14 (0x0000000e)
 - injected 'static_oop_field_count' 'I' @36  0 (0x00000000)
 - private volatile transient 'cachedConstructor' 'Ljava/lang/reflect/Constructor;' @40  null (0x00000000)
 - private transient 'name' 'Ljava/lang/String;' @44  "com.charles.desafiobackend.web.controller.ProcessoController"{0x00000000863cf988} (0x863cf988)
 - private transient 'module' 'Ljava/lang/Module;' @48  a 'java/lang/Module'{0x0000000088512a90} (0x88512a90)
 - private final 'classLoader' 'Ljava/lang/ClassLoader;' @52  a 'org/springframework/boot/devtools/restart/classloader/RestartClassLoader'{0x0000000088500890} (0x88500890)
 - private transient 'classData' 'Ljava/lang/Object;' @56  null (0x00000000)
 - private transient 'packageName' 'Ljava/lang/String;' @60  "com.charles.desafiobackend.web.controller"{0x00000000862c2808} (0x862c2808)
 - private final 'componentType' 'Ljava/lang/Class;' @64  null (0x00000000)
 - private volatile transient 'reflectionData' 'Ljava/lang/ref/SoftReference;' @68  a 'java/lang/ref/SoftReference'{0x000000008856a090} (0x8856a090)
 - private volatile transient 'genericInfo' 'Lsun/reflect/generics/repository/ClassRepository;' @72  null (0x00000000)
 - private volatile transient 'enumConstants' '[Ljava/lang/Object;' @76  null (0x00000000)
 - private volatile transient 'enumConstantDirectory' 'Ljava/util/Map;' @80  null (0x00000000)
 - private volatile transient 'annotationData' 'Ljava/lang/Class$AnnotationData;' @84  a 'java/lang/Class$AnnotationData'{0x000000008856a108} (0x8856a108)
 - private volatile transient 'annotationType' 'Lsun/reflect/annotation/AnnotationType;' @88  null (0x00000000)
 - transient 'classValueMap' 'Ljava/lang/ClassValue$ClassValueMap;' @92  null (0x00000000)
 - injected 'protection_domain' 'Ljava/lang/Object;' @96  a 'java/security/ProtectionDomain'{0x00000000885244e0} (0x885244e0)
 - injected 'signers_name' 'Ljava/lang/Object;' @100  null (0x00000000)
 - injected 'source_file' 'Ljava/lang/Object;' @104  null (0x00000000)
 - signature: Lcom/charles/desafiobackend/web/controller/ProcessoController;
 - ---- static fields (0):
stack at sp + 6 slots: 0x0000000086002b90 is an oop: java.lang.Class 
{0x0000000086002b90} - klass: 'java/lang/Class'
 - ---- fields (total size 14 words):
 - private volatile transient 'classRedefinedCount' 'I' @12  0 (0x00000000)
 - injected 'klass' 'J' @16  1918492155128 (0x000001beaf0b1cf8)
 - injected 'array_klass' 'J' @24  0 (0x0000000000000000)
 - injected 'oop_size' 'I' @32  14 (0x0000000e)
 - injected 'static_oop_field_count' 'I' @36  0 (0x00000000)
 - private volatile transient 'cachedConstructor' 'Ljava/lang/reflect/Constructor;' @40  null (0x00000000)
 - private transient 'name' 'Ljava/lang/String;' @44  null (0x00000000)
 - private transient 'module' 'Ljava/lang/Module;' @48  a 'java/lang/Module'{0x0000000085fc7538} (0x85fc7538)
 - private final 'classLoader' 'Ljava/lang/ClassLoader;' @52  null (0x00000000)
 - private transient 'classData' 'Ljava/lang/Object;' @56  null (0x00000000)
 - private transient 'packageName' 'Ljava/lang/String;' @60  null (0x00000000)
 - private final 'componentType' 'Ljava/lang/Class;' @64  null (0x00000000)
 - private volatile transient 'reflectionData' 'Ljava/lang/ref/SoftReference;' @68  null (0x00000000)
 - private volatile transient 'genericInfo' 'Lsun/reflect/generics/repository/ClassRepository;' @72  null (0x00000000)
 - private volatile transient 'enumConstants' '[Ljava/lang/Object;' @76  null (0x00000000)
 - private volatile transient 'enumConstantDirectory' 'Ljava/util/Map;' @80  null (0x00000000)
 - private volatile transient 'annotationData' 'Ljava/lang/Class$AnnotationData;' @84  null (0x00000000)
 - private volatile transient 'annotationType' 'Lsun/reflect/annotation/AnnotationType;' @88  null (0x00000000)
 - transient 'classValueMap' 'Ljava/lang/ClassValue$ClassValueMap;' @92  null (0x00000000)
 - injected 'protection_domain' 'Ljava/lang/Object;' @96  null (0x00000000)
 - injected 'signers_name' 'Ljava/lang/Object;' @100  null (0x00000000)
 - injected 'source_file' 'Ljava/lang/Object;' @104  null (0x00000000)
 - signature: Ljava/lang/invoke/DirectMethodHandle$Holder;
 - ---- static fields (0):
stack at sp + 7 slots: {method} {0x000001beaf0b6c78} 'newInvokeSpecial' '(Ljava/lang/Object;)Ljava/lang/Object;' in 'java/lang/invoke/DirectMethodHandle$Holder'

MethodHandle::interpreter_entry::_linkToSpecial [0x000001bea61f0fe8, 0x000001bea61f1037] (79 bytes)
[MachCode]
  0x000001bea61f0fe8: 6666 660f | 1f84 0000 | 0000 0066 | 6666 9066 | 0f1f 8400 | 0000 0000 | 488b 5308 | 0fb7 522e 
  0x000001bea61f1008: 488b 0cd4 | 585b 5048 | 3b01 8b5b | 2448 8b5b | 1048 85db | 0f84 1000 | 0000 4180 | bfe0 0500 
  0x000001bea61f1028: 0000 7403 | ff63 38ff | 6350 e9c9 | 
[/MachCode]

---------------  P R O C E S S  ---------------

Threads class SMR info:
_java_thread_list=0x000001bef4d0e6f0, length=27, elements={
0x000001beae825e20, 0x000001beae826b90, 0x000001beae82ba90, 0x000001beae82c120,
0x000001beae82c7b0, 0x000001beae82ad70, 0x000001beae841f30, 0x000001beae829330,
0x000001beaeb06250, 0x000001beaeb0e860, 0x000001beaeb15410, 0x000001beae8299c0,
0x000001beae82b400, 0x000001beae82a050, 0x000001beae82a6e0, 0x000001bef4ece0a0,
0x000001bef4ed1520, 0x000001bef4ecc660, 0x000001bef4ecb2b0, 0x000001bef4ed1bb0,
0x000001bef7efe080, 0x000001bef7f04980, 0x000001bef7efd360, 0x000001bef7efd9f0,
0x000001bef7eff430, 0x000001bef7f028b0, 0x000001bef7f007e0
}

Java Threads: ( => current thread )
  0x000001beae825e20 JavaThread "Reference Handler"          daemon [_thread_blocked, id=10256, stack(0x000000aaad700000,0x000000aaad800000) (1024K)]
  0x000001beae826b90 JavaThread "Finalizer"                  daemon [_thread_blocked, id=11952, stack(0x000000aaad800000,0x000000aaad900000) (1024K)]
  0x000001beae82ba90 JavaThread "Signal Dispatcher"          daemon [_thread_blocked, id=9556, stack(0x000000aaad900000,0x000000aaada00000) (1024K)]
  0x000001beae82c120 JavaThread "Attach Listener"            daemon [_thread_blocked, id=15876, stack(0x000000aaada00000,0x000000aaadb00000) (1024K)]
  0x000001beae82c7b0 JavaThread "Service Thread"             daemon [_thread_blocked, id=20888, stack(0x000000aaadb00000,0x000000aaadc00000) (1024K)]
  0x000001beae82ad70 JavaThread "Monitor Deflation Thread"   daemon [_thread_blocked, id=10480, stack(0x000000aaadc00000,0x000000aaadd00000) (1024K)]
  0x000001beae841f30 JavaThread "C1 CompilerThread0"         daemon [_thread_blocked, id=5564, stack(0x000000aaadd00000,0x000000aaade00000) (1024K)]
  0x000001beae829330 JavaThread "Common-Cleaner"             daemon [_thread_blocked, id=2424, stack(0x000000aaade00000,0x000000aaadf00000) (1024K)]
  0x000001beaeb06250 JavaThread "JDWP Transport Listener: dt_socket" daemon [_thread_blocked, id=18592, stack(0x000000aaae100000,0x000000aaae200000) (1024K)]
  0x000001beaeb0e860 JavaThread "JDWP Event Helper Thread"   daemon [_thread_blocked, id=22768, stack(0x000000aaae200000,0x000000aaae300000) (1024K)]
  0x000001beaeb15410 JavaThread "JDWP Command Reader"        daemon [_thread_blocked, id=19860, stack(0x000000aaae300000,0x000000aaae400000) (1024K)]
  0x000001beae8299c0 JavaThread "Notification Thread"        daemon [_thread_blocked, id=7720, stack(0x000000aaae400000,0x000000aaae500000) (1024K)]
  0x000001beae82b400 JavaThread "RMI TCP Accept-0"           daemon [_thread_in_native, id=22492, stack(0x000000aaae600000,0x000000aaae700000) (1024K)]
  0x000001beae82a050 JavaThread "RMI TCP Accept-52561"       daemon [_thread_in_native, id=17428, stack(0x000000aaae700000,0x000000aaae800000) (1024K)]
  0x000001beae82a6e0 JavaThread "RMI TCP Accept-0"           daemon [_thread_in_native, id=17084, stack(0x000000aaaf100000,0x000000aaaf200000) (1024K)]
  0x000001bef4ece0a0 JavaThread "RMI Scheduler(0)"           daemon [_thread_blocked, id=8272, stack(0x000000aaaf500000,0x000000aaaf600000) (1024K)]
  0x000001bef4ed1520 JavaThread "RMI TCP Connection(idle)"   daemon [_thread_blocked, id=17364, stack(0x000000aaaf600000,0x000000aaaf700000) (1024K)]
  0x000001bef4ecc660 JavaThread "JMX server connection timeout 43" daemon [_thread_blocked, id=21004, stack(0x000000aaaf700000,0x000000aaaf800000) (1024K)]
  0x000001bef4ecb2b0 JavaThread "mysql-cj-abandoned-connection-cleanup" daemon [_thread_blocked, id=20228, stack(0x000000aaaf800000,0x000000aaaf900000) (1024K)]
  0x000001bef4ed1bb0 JavaThread "Live Reload Server"         daemon [_thread_in_native, id=25576, stack(0x000000aab0300000,0x000000aab0400000) (1024K)]
  0x000001bef7efe080 JavaThread "DestroyJavaVM"                     [_thread_blocked, id=16448, stack(0x000000aaacf00000,0x000000aaad000000) (1024K)]
  0x000001bef7f04980 JavaThread "Thread-11"                         [_thread_blocked, id=20812, stack(0x000000aaacc00000,0x000000aaacd00000) (1024K)]
=>0x000001bef7efd360 JavaThread "restartedMain"                     [_thread_in_Java, id=16420, stack(0x000000aaae500000,0x000000aaae600000) (1024K)]
  0x000001bef7efd9f0 JavaThread "HikariPool-4 housekeeper"   daemon [_thread_blocked, id=25312, stack(0x000000aaaf200000,0x000000aaaf300000) (1024K)]
  0x000001bef7eff430 JavaThread "Catalina-utility-1"                [_thread_blocked, id=24628, stack(0x000000aaaf400000,0x000000aaaf500000) (1024K)]
  0x000001bef7f028b0 JavaThread "Catalina-utility-2"                [_thread_blocked, id=1544, stack(0x000000aaafb00000,0x000000aaafc00000) (1024K)]
  0x000001bef7f007e0 JavaThread "container-0"                       [_thread_blocked, id=17904, stack(0x000000aaafc00000,0x000000aaafd00000) (1024K)]
Total: 27

Other Threads:
  0x000001beae806990 VMThread "VM Thread"                           [id=24076, stack(0x000000aaad600000,0x000000aaad700000) (1024K)] _threads_hazard_ptr=0x000001bef4d0e6f0
  0x000001beae7f1450 WatcherThread "VM Periodic Task Thread"        [id=2108, stack(0x000000aaad500000,0x000000aaad600000) (1024K)]
  0x000001be9ddc5350 WorkerThread "GC Thread#0"                     [id=10028, stack(0x000000aaad000000,0x000000aaad100000) (1024K)]
  0x000001bef4868250 WorkerThread "GC Thread#1"                     [id=25000, stack(0x000000aaae800000,0x000000aaae900000) (1024K)]
  0x000001bef488f600 WorkerThread "GC Thread#2"                     [id=17620, stack(0x000000aaae900000,0x000000aaaea00000) (1024K)]
  0x000001bef488f9a0 WorkerThread "GC Thread#3"                     [id=23100, stack(0x000000aaaea00000,0x000000aaaeb00000) (1024K)]
  0x000001bef488fd40 WorkerThread "GC Thread#4"                     [id=21176, stack(0x000000aaaeb00000,0x000000aaaec00000) (1024K)]
  0x000001bef4892500 WorkerThread "GC Thread#5"                     [id=22432, stack(0x000000aaaec00000,0x000000aaaed00000) (1024K)]
  0x000001bef4892eb0 WorkerThread "GC Thread#6"                     [id=26100, stack(0x000000aaaed00000,0x000000aaaee00000) (1024K)]
  0x000001bef489b470 WorkerThread "GC Thread#7"                     [id=11348, stack(0x000000aaaee00000,0x000000aaaef00000) (1024K)]
  0x000001bef489c340 WorkerThread "GC Thread#8"                     [id=21296, stack(0x000000aaaef00000,0x000000aaaf000000) (1024K)]
  0x000001bef489c6e0 WorkerThread "GC Thread#9"                     [id=14284, stack(0x000000aaaf000000,0x000000aaaf100000) (1024K)]
  0x000001be9ddd5700 ConcurrentGCThread "G1 Main Marker"            [id=13632, stack(0x000000aaad100000,0x000000aaad200000) (1024K)]
  0x000001be9bbae710 WorkerThread "G1 Conc#0"                       [id=3772, stack(0x000000aaad200000,0x000000aaad300000) (1024K)]
  0x000001bef489bc00 WorkerThread "G1 Conc#1"                       [id=16836, stack(0x000000aaaf900000,0x000000aaafa00000) (1024K)]
  0x000001bef489d1c0 WorkerThread "G1 Conc#2"                       [id=25412, stack(0x000000aaafa00000,0x000000aaafb00000) (1024K)]
  0x000001beae6c51a0 ConcurrentGCThread "G1 Refine#0"               [id=5572, stack(0x000000aaad300000,0x000000aaad400000) (1024K)]
  0x000001beae6c59c0 ConcurrentGCThread "G1 Service"                [id=25708, stack(0x000000aaad400000,0x000000aaad500000) (1024K)]
Total: 18

Threads with active compile tasks:
Total: 0

VM state: synchronizing (normal execution)

VM Mutex/Monitor currently owned by a thread:  ([mutex/lock_event])
[0x00007ffb554ecd68] Threads_lock - owner thread: 0x000001beae806990

Heap address: 0x0000000085a00000, size: 1958 MB, Compressed Oops mode: 32-bit

CDS archive(s) mapped at: [0x000001beaf000000-0x000001beafc90000-0x000001beafc90000), size 13172736, SharedBaseAddress: 0x000001beaf000000, ArchiveRelocationMode: 1.
Compressed class space mapped at: 0x000001beb0000000-0x000001bef0000000, reserved size: 1073741824
Narrow klass base: 0x000001beaf000000, Narrow klass shift: 0, Narrow klass range: 0x100000000

GC Precious Log:
 CardTable entry size: 512
 Card Set container configuration: InlinePtr #cards 5 size 8 Array Of Cards #cards 12 size 40 Howl #buckets 4 coarsen threshold 1843 Howl Bitmap #cards 512 size 80 coarsen threshold 460 Card regions per heap region 1 cards per card region 2048
 CPUs: 12 total, 12 available
 Memory: 7827M
 Large Page Support: Disabled
 NUMA Support: Disabled
 Compressed Oops: Enabled (32-bit)
 Heap Region Size: 1M
 Heap Min Capacity: 8M
 Heap Initial Capacity: 124M
 Heap Max Capacity: 1958M
 Pre-touch: Disabled
 Parallel Workers: 10
 Concurrent Workers: 3
 Concurrent Refinement Workers: 10
 Periodic GC: Disabled

Heap:
 garbage-first heap   total 112640K, used 55613K [0x0000000085a00000, 0x0000000100000000)
  region size 1024K, 26 young (26624K), 6 survivors (6144K)
 Metaspace       used 82159K, committed 82944K, reserved 1179648K
  class space    used 11606K, committed 11968K, reserved 1048576K

Heap Regions: E=young(eden), S=young(survivor), O=old, HS=humongous(starts), HC=humongous(continues), CS=collection set, F=free, TAMS=top-at-mark-start, PB=parsable bottom
|   0|0x0000000085a00000, 0x0000000085b00000, 0x0000000085b00000|100%|HS|  |TAMS 0x0000000085a00000| PB 0x0000000085a00000| Complete 
|   1|0x0000000085b00000, 0x0000000085c00000, 0x0000000085c00000|100%| O|  |TAMS 0x0000000085b00000| PB 0x0000000085b00000| Untracked 
|   2|0x0000000085c00000, 0x0000000085d00000, 0x0000000085d00000|100%| O|  |TAMS 0x0000000085c00000| PB 0x0000000085c00000| Untracked 
|   3|0x0000000085d00000, 0x0000000085dffff8, 0x0000000085e00000| 99%| O|  |TAMS 0x0000000085d00000| PB 0x0000000085d00000| Untracked 
|   4|0x0000000085e00000, 0x0000000085efffc0, 0x0000000085f00000| 99%| O|  |TAMS 0x0000000085e00000| PB 0x0000000085e00000| Untracked 
|   5|0x0000000085f00000, 0x0000000085fffff8, 0x0000000086000000| 99%| O|  |TAMS 0x0000000085f00000| PB 0x0000000085f00000| Untracked 
|   6|0x0000000086000000, 0x00000000860fffd8, 0x0000000086100000| 99%| O|  |TAMS 0x0000000086000000| PB 0x0000000086000000| Untracked 
|   7|0x0000000086100000, 0x00000000861ffff0, 0x0000000086200000| 99%| O|  |TAMS 0x0000000086100000| PB 0x0000000086100000| Untracked 
|   8|0x0000000086200000, 0x00000000862fffa8, 0x0000000086300000| 99%| O|  |TAMS 0x0000000086200000| PB 0x0000000086200000| Untracked 
|   9|0x0000000086300000, 0x00000000863fffe8, 0x0000000086400000| 99%| O|  |TAMS 0x0000000086300000| PB 0x0000000086300000| Untracked 
|  10|0x0000000086400000, 0x0000000086500000, 0x0000000086500000|100%| O|  |TAMS 0x0000000086400000| PB 0x0000000086400000| Untracked 
|  11|0x0000000086500000, 0x0000000086600000, 0x0000000086600000|100%| O|  |TAMS 0x0000000086500000| PB 0x0000000086500000| Untracked 
|  12|0x0000000086600000, 0x00000000866ffff8, 0x0000000086700000| 99%| O|  |TAMS 0x0000000086600000| PB 0x0000000086600000| Untracked 
|  13|0x0000000086700000, 0x0000000086800000, 0x0000000086800000|100%| O|  |TAMS 0x0000000086700000| PB 0x0000000086700000| Untracked 
|  14|0x0000000086800000, 0x00000000868fffc8, 0x0000000086900000| 99%| O|  |TAMS 0x0000000086800000| PB 0x0000000086800000| Untracked 
|  15|0x0000000086900000, 0x0000000086a00000, 0x0000000086a00000|100%| O|  |TAMS 0x0000000086900000| PB 0x0000000086900000| Untracked 
|  16|0x0000000086a00000, 0x0000000086afffe8, 0x0000000086b00000| 99%| O|  |TAMS 0x0000000086a00000| PB 0x0000000086a00000| Untracked 
|  17|0x0000000086b00000, 0x0000000086bffff0, 0x0000000086c00000| 99%| O|  |TAMS 0x0000000086b00000| PB 0x0000000086b00000| Untracked 
|  18|0x0000000086c00000, 0x0000000086cfffb8, 0x0000000086d00000| 99%| O|  |TAMS 0x0000000086c00000| PB 0x0000000086c00000| Untracked 
|  19|0x0000000086d00000, 0x0000000086dffff0, 0x0000000086e00000| 99%| O|  |TAMS 0x0000000086d00000| PB 0x0000000086d00000| Untracked 
|  20|0x0000000086e00000, 0x0000000086ef1408, 0x0000000086f00000| 94%| O|  |TAMS 0x0000000086e00000| PB 0x0000000086e00000| Untracked 
|  21|0x0000000086f00000, 0x0000000086ffffb0, 0x0000000087000000| 99%| O|  |TAMS 0x0000000086f00000| PB 0x0000000086f00000| Untracked 
|  22|0x0000000087000000, 0x0000000087100000, 0x0000000087100000|100%| O|  |TAMS 0x0000000087000000| PB 0x0000000087000000| Untracked 
|  23|0x0000000087100000, 0x00000000871ffff0, 0x0000000087200000| 99%| O|  |TAMS 0x0000000087100000| PB 0x0000000087100000| Untracked 
|  24|0x0000000087200000, 0x00000000872d61f8, 0x0000000087300000| 83%| O|  |TAMS 0x0000000087200000| PB 0x0000000087200000| Untracked 
|  25|0x0000000087300000, 0x00000000873fffe8, 0x0000000087400000| 99%| O|  |TAMS 0x0000000087300000| PB 0x0000000087300000| Untracked 
|  26|0x0000000087400000, 0x000000008749fbb8, 0x0000000087500000| 62%| O|  |TAMS 0x0000000087400000| PB 0x0000000087400000| Untracked 
|  27|0x0000000087500000, 0x00000000875ff698, 0x0000000087600000| 99%| O|  |TAMS 0x0000000087500000| PB 0x0000000087500000| Untracked 
|  28|0x0000000087600000, 0x00000000876a0d20, 0x0000000087700000| 62%| O|  |TAMS 0x0000000087600000| PB 0x0000000087600000| Untracked 
|  29|0x0000000087700000, 0x000000008774cf60, 0x0000000087800000| 30%| O|  |TAMS 0x0000000087700000| PB 0x0000000087700000| Untracked 
|  30|0x0000000087800000, 0x0000000087800000, 0x0000000087900000|  0%| F|  |TAMS 0x0000000087800000| PB 0x0000000087800000| Untracked 
|  31|0x0000000087900000, 0x0000000087911be0, 0x0000000087a00000|  6%| O|  |TAMS 0x0000000087900000| PB 0x0000000087900000| Untracked 
|  32|0x0000000087a00000, 0x0000000087a00000, 0x0000000087b00000|  0%| F|  |TAMS 0x0000000087a00000| PB 0x0000000087a00000| Untracked 
|  33|0x0000000087b00000, 0x0000000087c00000, 0x0000000087c00000|100%| O|  |TAMS 0x0000000087b00000| PB 0x0000000087b00000| Untracked 
|  34|0x0000000087c00000, 0x0000000087c00000, 0x0000000087d00000|  0%| F|  |TAMS 0x0000000087c00000| PB 0x0000000087c00000| Untracked 
|  35|0x0000000087d00000, 0x0000000087d00000, 0x0000000087e00000|  0%| F|  |TAMS 0x0000000087d00000| PB 0x0000000087d00000| Untracked 
|  36|0x0000000087e00000, 0x0000000087e00000, 0x0000000087f00000|  0%| F|  |TAMS 0x0000000087e00000| PB 0x0000000087e00000| Untracked 
|  37|0x0000000087f00000, 0x0000000087fe1c00, 0x0000000088000000| 88%| S|CS|TAMS 0x0000000087f00000| PB 0x0000000087f00000| Complete 
|  38|0x0000000088000000, 0x0000000088100000, 0x0000000088100000|100%| S|CS|TAMS 0x0000000088000000| PB 0x0000000088000000| Complete 
|  39|0x0000000088100000, 0x0000000088107b48, 0x0000000088200000|  3%| O|Cm|TAMS 0x0000000088100000| PB 0x0000000088100000| Complete 
|  40|0x0000000088200000, 0x0000000088300000, 0x0000000088300000|100%| S|CS|TAMS 0x0000000088200000| PB 0x0000000088200000| Complete 
|  41|0x0000000088300000, 0x0000000088400000, 0x0000000088400000|100%| S|CS|TAMS 0x0000000088300000| PB 0x0000000088300000| Complete 
|  42|0x0000000088400000, 0x0000000088500000, 0x0000000088500000|100%| S|CS|TAMS 0x0000000088400000| PB 0x0000000088400000| Complete 
|  43|0x0000000088500000, 0x0000000088600000, 0x0000000088600000|100%| S|CS|TAMS 0x0000000088500000| PB 0x0000000088500000| Complete 
|  44|0x0000000088600000, 0x0000000088600000, 0x0000000088700000|  0%| F|  |TAMS 0x0000000088600000| PB 0x0000000088600000| Untracked 
|  45|0x0000000088700000, 0x0000000088700000, 0x0000000088800000|  0%| F|  |TAMS 0x0000000088700000| PB 0x0000000088700000| Untracked 
|  46|0x0000000088800000, 0x0000000088800000, 0x0000000088900000|  0%| F|  |TAMS 0x0000000088800000| PB 0x0000000088800000| Untracked 
|  47|0x0000000088900000, 0x0000000088900000, 0x0000000088a00000|  0%| F|  |TAMS 0x0000000088900000| PB 0x0000000088900000| Untracked 
|  48|0x0000000088a00000, 0x0000000088a00000, 0x0000000088b00000|  0%| F|  |TAMS 0x0000000088a00000| PB 0x0000000088a00000| Untracked 
|  49|0x0000000088b00000, 0x0000000088b00000, 0x0000000088c00000|  0%| F|  |TAMS 0x0000000088b00000| PB 0x0000000088b00000| Untracked 
|  50|0x0000000088c00000, 0x0000000088c00000, 0x0000000088d00000|  0%| F|  |TAMS 0x0000000088c00000| PB 0x0000000088c00000| Untracked 
|  51|0x0000000088d00000, 0x0000000088d00000, 0x0000000088e00000|  0%| F|  |TAMS 0x0000000088d00000| PB 0x0000000088d00000| Untracked 
|  52|0x0000000088e00000, 0x0000000088e00000, 0x0000000088f00000|  0%| F|  |TAMS 0x0000000088e00000| PB 0x0000000088e00000| Untracked 
|  53|0x0000000088f00000, 0x0000000088f00000, 0x0000000089000000|  0%| F|  |TAMS 0x0000000088f00000| PB 0x0000000088f00000| Untracked 
|  54|0x0000000089000000, 0x0000000089000000, 0x0000000089100000|  0%| F|  |TAMS 0x0000000089000000| PB 0x0000000089000000| Untracked 
|  55|0x0000000089100000, 0x0000000089100000, 0x0000000089200000|  0%| F|  |TAMS 0x0000000089100000| PB 0x0000000089100000| Untracked 
|  56|0x0000000089200000, 0x0000000089200000, 0x0000000089300000|  0%| F|  |TAMS 0x0000000089200000| PB 0x0000000089200000| Untracked 
|  57|0x0000000089300000, 0x0000000089300000, 0x0000000089400000|  0%| F|  |TAMS 0x0000000089300000| PB 0x0000000089300000| Untracked 
|  58|0x0000000089400000, 0x0000000089400000, 0x0000000089500000|  0%| F|  |TAMS 0x0000000089400000| PB 0x0000000089400000| Untracked 
|  59|0x0000000089500000, 0x0000000089500000, 0x0000000089600000|  0%| F|  |TAMS 0x0000000089500000| PB 0x0000000089500000| Untracked 
|  60|0x0000000089600000, 0x0000000089600000, 0x0000000089700000|  0%| F|  |TAMS 0x0000000089600000| PB 0x0000000089600000| Untracked 
|  61|0x0000000089700000, 0x0000000089700000, 0x0000000089800000|  0%| F|  |TAMS 0x0000000089700000| PB 0x0000000089700000| Untracked 
|  62|0x0000000089800000, 0x0000000089800000, 0x0000000089900000|  0%| F|  |TAMS 0x0000000089800000| PB 0x0000000089800000| Untracked 
|  63|0x0000000089900000, 0x0000000089900000, 0x0000000089a00000|  0%| F|  |TAMS 0x0000000089900000| PB 0x0000000089900000| Untracked 
|  64|0x0000000089a00000, 0x0000000089a00000, 0x0000000089b00000|  0%| F|  |TAMS 0x0000000089a00000| PB 0x0000000089a00000| Untracked 
|  65|0x0000000089b00000, 0x0000000089b00000, 0x0000000089c00000|  0%| F|  |TAMS 0x0000000089b00000| PB 0x0000000089b00000| Untracked 
|  66|0x0000000089c00000, 0x0000000089c00000, 0x0000000089d00000|  0%| F|  |TAMS 0x0000000089c00000| PB 0x0000000089c00000| Untracked 
|  67|0x0000000089d00000, 0x0000000089d00000, 0x0000000089e00000|  0%| F|  |TAMS 0x0000000089d00000| PB 0x0000000089d00000| Untracked 
|  68|0x0000000089e00000, 0x0000000089e00000, 0x0000000089f00000|  0%| F|  |TAMS 0x0000000089e00000| PB 0x0000000089e00000| Untracked 
|  69|0x0000000089f00000, 0x0000000089f00000, 0x000000008a000000|  0%| F|  |TAMS 0x0000000089f00000| PB 0x0000000089f00000| Untracked 
|  70|0x000000008a000000, 0x000000008a000000, 0x000000008a100000|  0%| F|  |TAMS 0x000000008a000000| PB 0x000000008a000000| Untracked 
|  71|0x000000008a100000, 0x000000008a100000, 0x000000008a200000|  0%| F|  |TAMS 0x000000008a100000| PB 0x000000008a100000| Untracked 
|  72|0x000000008a200000, 0x000000008a200000, 0x000000008a300000|  0%| F|  |TAMS 0x000000008a200000| PB 0x000000008a200000| Untracked 
|  73|0x000000008a300000, 0x000000008a300000, 0x000000008a400000|  0%| F|  |TAMS 0x000000008a300000| PB 0x000000008a300000| Untracked 
|  74|0x000000008a400000, 0x000000008a400000, 0x000000008a500000|  0%| F|  |TAMS 0x000000008a400000| PB 0x000000008a400000| Untracked 
|  75|0x000000008a500000, 0x000000008a500000, 0x000000008a600000|  0%| F|  |TAMS 0x000000008a500000| PB 0x000000008a500000| Untracked 
|  76|0x000000008a600000, 0x000000008a600000, 0x000000008a700000|  0%| F|  |TAMS 0x000000008a600000| PB 0x000000008a600000| Untracked 
|  77|0x000000008a700000, 0x000000008a700000, 0x000000008a800000|  0%| F|  |TAMS 0x000000008a700000| PB 0x000000008a700000| Untracked 
|  78|0x000000008a800000, 0x000000008a800000, 0x000000008a900000|  0%| F|  |TAMS 0x000000008a800000| PB 0x000000008a800000| Untracked 
|  79|0x000000008a900000, 0x000000008a900000, 0x000000008aa00000|  0%| F|  |TAMS 0x000000008a900000| PB 0x000000008a900000| Untracked 
|  80|0x000000008aa00000, 0x000000008aa00000, 0x000000008ab00000|  0%| F|  |TAMS 0x000000008aa00000| PB 0x000000008aa00000| Untracked 
|  81|0x000000008ab00000, 0x000000008ab00000, 0x000000008ac00000|  0%| F|  |TAMS 0x000000008ab00000| PB 0x000000008ab00000| Untracked 
|  82|0x000000008ac00000, 0x000000008ac00000, 0x000000008ad00000|  0%| F|  |TAMS 0x000000008ac00000| PB 0x000000008ac00000| Untracked 
|  83|0x000000008ad00000, 0x000000008ad00000, 0x000000008ae00000|  0%| F|  |TAMS 0x000000008ad00000| PB 0x000000008ad00000| Untracked 
|  84|0x000000008ae00000, 0x000000008ae00000, 0x000000008af00000|  0%| F|  |TAMS 0x000000008ae00000| PB 0x000000008ae00000| Untracked 
|  85|0x000000008af00000, 0x000000008af00000, 0x000000008b000000|  0%| F|  |TAMS 0x000000008af00000| PB 0x000000008af00000| Untracked 
|  86|0x000000008b000000, 0x000000008b000000, 0x000000008b100000|  0%| F|  |TAMS 0x000000008b000000| PB 0x000000008b000000| Untracked 
|  87|0x000000008b100000, 0x000000008b100000, 0x000000008b200000|  0%| F|  |TAMS 0x000000008b100000| PB 0x000000008b100000| Untracked 
|  88|0x000000008b200000, 0x000000008b200000, 0x000000008b300000|  0%| F|  |TAMS 0x000000008b200000| PB 0x000000008b200000| Untracked 
|  89|0x000000008b300000, 0x000000008b300000, 0x000000008b400000|  0%| F|  |TAMS 0x000000008b300000| PB 0x000000008b300000| Untracked 
|  90|0x000000008b400000, 0x000000008b4cf240, 0x000000008b500000| 80%| E|  |TAMS 0x000000008b400000| PB 0x000000008b400000| Complete 
|  91|0x000000008b500000, 0x000000008b600000, 0x000000008b600000|100%| E|CS|TAMS 0x000000008b500000| PB 0x000000008b500000| Complete 
|  92|0x000000008b600000, 0x000000008b700000, 0x000000008b700000|100%| E|CS|TAMS 0x000000008b600000| PB 0x000000008b600000| Complete 
|  93|0x000000008b700000, 0x000000008b800000, 0x000000008b800000|100%| E|CS|TAMS 0x000000008b700000| PB 0x000000008b700000| Complete 
|  94|0x000000008b800000, 0x000000008b900000, 0x000000008b900000|100%| E|CS|TAMS 0x000000008b800000| PB 0x000000008b800000| Complete 
|  95|0x000000008b900000, 0x000000008ba00000, 0x000000008ba00000|100%| E|CS|TAMS 0x000000008b900000| PB 0x000000008b900000| Complete 
|  96|0x000000008ba00000, 0x000000008bb00000, 0x000000008bb00000|100%| E|CS|TAMS 0x000000008ba00000| PB 0x000000008ba00000| Complete 
|  97|0x000000008bb00000, 0x000000008bc00000, 0x000000008bc00000|100%| E|CS|TAMS 0x000000008bb00000| PB 0x000000008bb00000| Complete 
|  98|0x000000008bc00000, 0x000000008bd00000, 0x000000008bd00000|100%| E|CS|TAMS 0x000000008bc00000| PB 0x000000008bc00000| Complete 
|  99|0x000000008bd00000, 0x000000008be00000, 0x000000008be00000|100%| E|CS|TAMS 0x000000008bd00000| PB 0x000000008bd00000| Complete 
| 100|0x000000008be00000, 0x000000008bf00000, 0x000000008bf00000|100%| E|CS|TAMS 0x000000008be00000| PB 0x000000008be00000| Complete 
| 101|0x000000008bf00000, 0x000000008c000000, 0x000000008c000000|100%| E|CS|TAMS 0x000000008bf00000| PB 0x000000008bf00000| Complete 
| 102|0x000000008c000000, 0x000000008c100000, 0x000000008c100000|100%| E|CS|TAMS 0x000000008c000000| PB 0x000000008c000000| Complete 
| 103|0x000000008c100000, 0x000000008c200000, 0x000000008c200000|100%| E|CS|TAMS 0x000000008c100000| PB 0x000000008c100000| Complete 
| 104|0x000000008c200000, 0x000000008c300000, 0x000000008c300000|100%| E|CS|TAMS 0x000000008c200000| PB 0x000000008c200000| Complete 
| 105|0x000000008c300000, 0x000000008c400000, 0x000000008c400000|100%| E|CS|TAMS 0x000000008c300000| PB 0x000000008c300000| Complete 
| 106|0x000000008c400000, 0x000000008c500000, 0x000000008c500000|100%| E|CS|TAMS 0x000000008c400000| PB 0x000000008c400000| Complete 
| 107|0x000000008c500000, 0x000000008c600000, 0x000000008c600000|100%| E|CS|TAMS 0x000000008c500000| PB 0x000000008c500000| Complete 
| 108|0x000000008c600000, 0x000000008c700000, 0x000000008c700000|100%| E|CS|TAMS 0x000000008c600000| PB 0x000000008c600000| Complete 
| 109|0x000000008c700000, 0x000000008c800000, 0x000000008c800000|100%| E|CS|TAMS 0x000000008c700000| PB 0x000000008c700000| Complete 

Card table byte_map: [0x000001bea98d0000,0x000001bea9cb0000] _byte_map_base: 0x000001bea94a3000

Marking Bits: (CMBitMap*) 0x000001be9ddc5950
 Bits: [0x000001bea9cb0000, 0x000001beabb48000)

Polling page: 0x000001be9bd60000

Metaspace:

Usage:
  Non-class:     68.90 MB used.
      Class:     11.33 MB used.
       Both:     80.23 MB used.

Virtual space:
  Non-class space:      128.00 MB reserved,      69.31 MB ( 54%) committed,  2 nodes.
      Class space:        1.00 GB reserved,      11.69 MB (  1%) committed,  1 nodes.
             Both:        1.12 GB reserved,      81.00 MB (  7%) committed. 

Chunk freelists:
   Non-Class:  10.61 MB
       Class:  4.30 MB
        Both:  14.90 MB

MaxMetaspaceSize: unlimited
CompressedClassSpaceSize: 1.00 GB
Initial GC threshold: 21.00 MB
Current GC threshold: 134.50 MB
CDS: on
 - commit_granule_bytes: 65536.
 - commit_granule_words: 8192.
 - virtual_space_node_default_size: 8388608.
 - enlarge_chunks_in_place: 1.
 - use_allocation_guard: 0.


Internal statistics:

num_allocs_failed_limit: 6.
num_arena_births: 1746.
num_arena_deaths: 796.
num_vsnodes_births: 3.
num_vsnodes_deaths: 0.
num_space_committed: 1296.
num_space_uncommitted: 0.
num_chunks_returned_to_freelist: 1005.
num_chunks_taken_from_freelist: 5058.
num_chunk_merges: 174.
num_chunk_splits: 3161.
num_chunks_enlarged: 2474.
num_inconsistent_stats: 0.

CodeCache: size=49152Kb used=15395Kb max_used=17077Kb free=33756Kb
 bounds [0x000001bea61c0000, 0x000001bea7270000, 0x000001bea91c0000]
 total_blobs=8690 nmethods=7965 adapters=647
 compilation: enabled
              stopped_count=0, restarted_count=0
 full_count=0

Compilation events (20 events):
Event: 10230.975 Thread 0x000001bef5dbacd0 nmethod 18294 0x000001bea7264090 code [0x000001bea72642c0, 0x000001bea72649a8]
Event: 10230.975 Thread 0x000001bef80a6480 nmethod 18292 0x000001bea7264e90 code [0x000001bea7265100, 0x000001bea7265980]
Event: 10230.975 Thread 0x000001beae841f30 nmethod 18288 0x000001bea7265f10 code [0x000001bea72663e0, 0x000001bea7268648]
Event: 10230.976 Thread 0x000001bef5dbacd0 18296       1       jdk.internal.misc.Unsafe::getIntUnaligned (12 bytes)
Event: 10230.976 Thread 0x000001bef5dbacd0 nmethod 18296 0x000001bea726a090 code [0x000001bea726a220, 0x000001bea726a320]
Event: 10230.976 Thread 0x000001bef5dbacd0 18297       1       java.lang.reflect.ProxyGenerator$PrimitiveTypeInfo::get (97 bytes)
Event: 10230.976 Thread 0x000001bef5dbacd0 nmethod 18297 0x000001bea726a390 code [0x000001bea726a5a0, 0x000001bea726a910]
Event: 10230.976 Thread 0x000001bef5dba600 nmethod 18295 0x000001bea726aa10 code [0x000001bea726aea0, 0x000001bea726c5b8]
Event: 10270.160 Thread 0x000001beae841f30 18298       1       org.eclipse.jdt.launching.internal.org.objectweb.asm.ByteVector::enlarge (73 bytes)
Event: 10270.160 Thread 0x000001beae841f30 nmethod 18298 0x000001bea6433790 code [0x000001bea6433960, 0x000001bea6433cc0]
Event: 10326.579 Thread 0x000001beae841f30 18299       1       java.net.Socket::<init> (10 bytes)
Event: 10326.579 Thread 0x000001beae841f30 nmethod 18299 0x000001bea6433310 code [0x000001bea64334c0, 0x000001bea6433698]
Event: 10326.579 Thread 0x000001beae841f30 18300       1       java.net.Socket::checkPermission (21 bytes)
Event: 10326.579 Thread 0x000001beae841f30 nmethod 18300 0x000001bea6433010 code [0x000001bea64331a0, 0x000001bea6433258]
Event: 10326.579 Thread 0x000001beae841f30 18301       1       java.net.Socket::<init> (25 bytes)
Event: 10326.579 Thread 0x000001beae841f30 nmethod 18301 0x000001bea6432c10 code [0x000001bea6432dc0, 0x000001bea6432f88]
Event: 10326.579 Thread 0x000001beae841f30 18302       1       java.io.BufferedInputStream::<init> (9 bytes)
Event: 10326.580 Thread 0x000001beae841f30 nmethod 18302 0x000001bea6432890 code [0x000001bea6432a40, 0x000001bea6432b38]
Event: 10326.580 Thread 0x000001beae841f30 18303       1       java.io.BufferedInputStream::<init> (68 bytes)
Event: 10326.580 Thread 0x000001beae841f30 nmethod 18303 0x000001bea6431f10 code [0x000001bea64320e0, 0x000001bea64326e0]

GC Heap History (20 events):
Event: 10009.785 GC heap before
{Heap before GC invocations=263 (full 2):
 garbage-first heap   total 178176K, used 147375K [0x0000000085a00000, 0x0000000100000000)
  region size 1024K, 104 young (106496K), 1 survivors (1024K)
 Metaspace       used 81637K, committed 82432K, reserved 1179648K
  class space    used 11528K, committed 11904K, reserved 1048576K
}
Event: 10009.787 GC heap after
{Heap after GC invocations=264 (full 2):
 garbage-first heap   total 178176K, used 42381K [0x0000000085a00000, 0x0000000100000000)
  region size 1024K, 1 young (1024K), 1 survivors (1024K)
 Metaspace       used 81637K, committed 82432K, reserved 1179648K
  class space    used 11528K, committed 11904K, reserved 1048576K
}
Event: 10009.899 GC heap before
{Heap before GC invocations=265 (full 2):
 garbage-first heap   total 174080K, used 145805K [0x0000000085a00000, 0x0000000100000000)
  region size 1024K, 102 young (104448K), 1 survivors (1024K)
 Metaspace       used 81637K, committed 82432K, reserved 1179648K
  class space    used 11528K, committed 11904K, reserved 1048576K
}
Event: 10009.902 GC heap after
{Heap after GC invocations=266 (full 2):
 garbage-first heap   total 310272K, used 42381K [0x0000000085a00000, 0x0000000100000000)
  region size 1024K, 1 young (1024K), 1 survivors (1024K)
 Metaspace       used 81637K, committed 82432K, reserved 1179648K
  class space    used 11528K, committed 11904K, reserved 1048576K
}
Event: 10010.120 GC heap before
{Heap before GC invocations=266 (full 2):
 garbage-first heap   total 310272K, used 226701K [0x0000000085a00000, 0x0000000100000000)
  region size 1024K, 181 young (185344K), 1 survivors (1024K)
 Metaspace       used 81637K, committed 82432K, reserved 1179648K
  class space    used 11528K, committed 11904K, reserved 1048576K
}
Event: 10010.122 GC heap after
{Heap after GC invocations=267 (full 2):
 garbage-first heap   total 310272K, used 42576K [0x0000000085a00000, 0x0000000100000000)
  region size 1024K, 2 young (2048K), 2 survivors (2048K)
 Metaspace       used 81637K, committed 82432K, reserved 1179648K
  class space    used 11528K, committed 11904K, reserved 1048576K
}
Event: 10010.306 GC heap before
{Heap before GC invocations=267 (full 2):
 garbage-first heap   total 310272K, used 225872K [0x0000000085a00000, 0x0000000100000000)
  region size 1024K, 181 young (185344K), 2 survivors (2048K)
 Metaspace       used 81637K, committed 82432K, reserved 1179648K
  class space    used 11528K, committed 11904K, reserved 1048576K
}
Event: 10010.308 GC heap after
{Heap after GC invocations=268 (full 2):
 garbage-first heap   total 310272K, used 42588K [0x0000000085a00000, 0x0000000100000000)
  region size 1024K, 2 young (2048K), 2 survivors (2048K)
 Metaspace       used 81637K, committed 82432K, reserved 1179648K
  class space    used 11528K, committed 11904K, reserved 1048576K
}
Event: 10012.375 GC heap before
{Heap before GC invocations=269 (full 2):
 garbage-first heap   total 171008K, used 141916K [0x0000000085a00000, 0x0000000100000000)
  region size 1024K, 100 young (102400K), 2 survivors (2048K)
 Metaspace       used 81637K, committed 82432K, reserved 1179648K
  class space    used 11528K, committed 11904K, reserved 1048576K
}
Event: 10012.378 GC heap after
{Heap after GC invocations=270 (full 2):
 garbage-first heap   total 171008K, used 44546K [0x0000000085a00000, 0x0000000100000000)
  region size 1024K, 4 young (4096K), 4 survivors (4096K)
 Metaspace       used 81637K, committed 82432K, reserved 1179648K
  class space    used 11528K, committed 11904K, reserved 1048576K
}
Event: 10012.474 GC heap before
{Heap before GC invocations=270 (full 2):
 garbage-first heap   total 171008K, used 142850K [0x0000000085a00000, 0x0000000100000000)
  region size 1024K, 100 young (102400K), 4 survivors (4096K)
 Metaspace       used 81637K, committed 82432K, reserved 1179648K
  class space    used 11528K, committed 11904K, reserved 1048576K
}
Event: 10012.479 GC heap after
{Heap after GC invocations=271 (full 2):
 garbage-first heap   total 171008K, used 44002K [0x0000000085a00000, 0x0000000100000000)
  region size 1024K, 5 young (5120K), 5 survivors (5120K)
 Metaspace       used 81637K, committed 82432K, reserved 1179648K
  class space    used 11528K, committed 11904K, reserved 1048576K
}
Event: 10012.574 GC heap before
{Heap before GC invocations=271 (full 2):
 garbage-first heap   total 171008K, used 141282K [0x0000000085a00000, 0x0000000100000000)
  region size 1024K, 100 young (102400K), 5 survivors (5120K)
 Metaspace       used 81637K, committed 82432K, reserved 1179648K
  class space    used 11528K, committed 11904K, reserved 1048576K
}
Event: 10012.577 GC heap after
{Heap after GC invocations=272 (full 2):
 garbage-first heap   total 171008K, used 43924K [0x0000000085a00000, 0x0000000100000000)
  region size 1024K, 5 young (5120K), 5 survivors (5120K)
 Metaspace       used 81637K, committed 82432K, reserved 1179648K
  class space    used 11528K, committed 11904K, reserved 1048576K
}
Event: 10012.678 GC heap before
{Heap before GC invocations=273 (full 2):
 garbage-first heap   total 163840K, used 136153K [0x0000000085a00000, 0x0000000100000000)
  region size 1024K, 96 young (98304K), 5 survivors (5120K)
 Metaspace       used 81637K, committed 82432K, reserved 1179648K
  class space    used 11528K, committed 11904K, reserved 1048576K
}
Event: 10012.681 GC heap after
{Heap after GC invocations=274 (full 2):
 garbage-first heap   total 209920K, used 41321K [0x0000000085a00000, 0x0000000100000000)
  region size 1024K, 3 young (3072K), 3 survivors (3072K)
 Metaspace       used 81637K, committed 82432K, reserved 1179648K
  class space    used 11528K, committed 11904K, reserved 1048576K
}
Event: 10229.853 GC heap before
{Heap before GC invocations=274 (full 2):
 garbage-first heap   total 209920K, used 61801K [0x0000000085a00000, 0x0000000100000000)
  region size 1024K, 24 young (24576K), 3 survivors (3072K)
 Metaspace       used 81656K, committed 82432K, reserved 1179648K
  class space    used 11531K, committed 11904K, reserved 1048576K
}
Event: 10229.891 GC heap after
{Heap after GC invocations=275 (full 3):
 garbage-first heap   total 112640K, used 30134K [0x0000000085a00000, 0x0000000100000000)
  region size 1024K, 0 young (0K), 0 survivors (0K)
 Metaspace       used 81652K, committed 82432K, reserved 1179648K
  class space    used 11530K, committed 11904K, reserved 1048576K
}
Event: 10230.698 GC heap before
{Heap before GC invocations=275 (full 3):
 garbage-first heap   total 112640K, used 96694K [0x0000000085a00000, 0x0000000100000000)
  region size 1024K, 66 young (67584K), 0 survivors (0K)
 Metaspace       used 81915K, committed 82624K, reserved 1179648K
  class space    used 11587K, committed 11904K, reserved 1048576K
}
Event: 10230.705 GC heap after
{Heap after GC invocations=276 (full 3):
 garbage-first heap   total 112640K, used 36157K [0x0000000085a00000, 0x0000000100000000)
  region size 1024K, 6 young (6144K), 6 survivors (6144K)
 Metaspace       used 81915K, committed 82624K, reserved 1179648K
  class space    used 11587K, committed 11904K, reserved 1048576K
}

Dll operation events (12 events):
Event: 0.006 Loaded shared library C:\Program Files\Java\jdk-21\bin\java.dll
Event: 0.173 Loaded shared library C:\Program Files\Java\jdk-21\bin\zip.dll
Event: 0.177 Loaded shared library C:\Program Files\Java\jdk-21\bin\instrument.dll
Event: 0.181 Loaded shared library C:\Program Files\Java\jdk-21\bin\net.dll
Event: 0.183 Loaded shared library C:\Program Files\Java\jdk-21\bin\nio.dll
Event: 0.186 Loaded shared library C:\Program Files\Java\jdk-21\bin\zip.dll
Event: 0.287 Loaded shared library C:\Program Files\Java\jdk-21\bin\jimage.dll
Event: 0.315 Loaded shared library C:\Program Files\Java\jdk-21\bin\management.dll
Event: 0.321 Loaded shared library C:\Program Files\Java\jdk-21\bin\management_ext.dll
Event: 0.515 Loaded shared library C:\Program Files\Java\jdk-21\bin\extnet.dll
Event: 0.543 Loaded shared library C:\Program Files\Java\jdk-21\bin\verify.dll
Event: 1.664 Loaded shared library C:\Program Files\Java\jdk-21\bin\sunmscapi.dll

Deoptimization events (20 events):
Event: 10266.567 Thread 0x000001bef4ed1520 DEOPT PACKING pc=0x000001bea6c5f6e4 sp=0x000000aaaf6fe360
Event: 10266.567 Thread 0x000001bef4ed1520 DEOPT UNPACKING pc=0x000001bea6214e42 sp=0x000000aaaf6fd8b0 mode 1
Event: 10266.567 Thread 0x000001bef4ed1520 DEOPT PACKING pc=0x000001bea649f5bc sp=0x000000aaaf6fe470
Event: 10266.567 Thread 0x000001bef4ed1520 DEOPT UNPACKING pc=0x000001bea6214e42 sp=0x000000aaaf6fd998 mode 1
Event: 10266.567 Thread 0x000001bef4ed1520 DEOPT PACKING pc=0x000001bea6c5f6e4 sp=0x000000aaaf6fe360
Event: 10266.567 Thread 0x000001bef4ed1520 DEOPT UNPACKING pc=0x000001bea6214e42 sp=0x000000aaaf6fd8b0 mode 1
Event: 10266.567 Thread 0x000001bef4ed1520 DEOPT PACKING pc=0x000001bea649f5bc sp=0x000000aaaf6fe470
Event: 10266.567 Thread 0x000001bef4ed1520 DEOPT UNPACKING pc=0x000001bea6214e42 sp=0x000000aaaf6fd998 mode 1
Event: 10266.567 Thread 0x000001bef4ed1520 DEOPT PACKING pc=0x000001bea6c5f6e4 sp=0x000000aaaf6fe360
Event: 10266.567 Thread 0x000001bef4ed1520 DEOPT UNPACKING pc=0x000001bea6214e42 sp=0x000000aaaf6fd8b0 mode 1
Event: 10266.567 Thread 0x000001bef4ed1520 DEOPT PACKING pc=0x000001bea649f5bc sp=0x000000aaaf6fe470
Event: 10266.567 Thread 0x000001bef4ed1520 DEOPT UNPACKING pc=0x000001bea6214e42 sp=0x000000aaaf6fd998 mode 1
Event: 10266.567 Thread 0x000001bef4ed1520 DEOPT PACKING pc=0x000001bea6c5f6e4 sp=0x000000aaaf6fe3b0
Event: 10266.567 Thread 0x000001bef4ed1520 DEOPT UNPACKING pc=0x000001bea6214e42 sp=0x000000aaaf6fd918 mode 1
Event: 10266.567 Thread 0x000001bef4ed1520 DEOPT PACKING pc=0x000001bea6c5f6e4 sp=0x000000aaaf6fe3b0
Event: 10266.567 Thread 0x000001bef4ed1520 DEOPT UNPACKING pc=0x000001bea6214e42 sp=0x000000aaaf6fd918 mode 1
Event: 10266.567 Thread 0x000001bef4ed1520 DEOPT PACKING pc=0x000001bea6c5f6e4 sp=0x000000aaaf6fe3b0
Event: 10266.567 Thread 0x000001bef4ed1520 DEOPT UNPACKING pc=0x000001bea6214e42 sp=0x000000aaaf6fd918 mode 1
Event: 10266.567 Thread 0x000001bef4ed1520 DEOPT PACKING pc=0x000001bea6c5f6e4 sp=0x000000aaaf6fe3b0
Event: 10266.567 Thread 0x000001bef4ed1520 DEOPT UNPACKING pc=0x000001bea6214e42 sp=0x000000aaaf6fd918 mode 1

Classes loaded (20 events):
Event: 149.067 Loading class javax/crypto/BadPaddingException
Event: 149.067 Loading class javax/crypto/BadPaddingException done
Event: 149.073 Loading class java/util/WeakHashMap$KeyIterator
Event: 149.074 Loading class java/util/WeakHashMap$HashIterator
Event: 149.074 Loading class java/util/WeakHashMap$HashIterator done
Event: 149.074 Loading class java/util/WeakHashMap$KeyIterator done
Event: 149.117 Loading class java/lang/ref/Finalizer$2
Event: 149.118 Loading class java/lang/ref/Finalizer$2 done
Event: 149.118 Loading class java/lang/ref/Finalizer$1
Event: 149.118 Loading class java/lang/ref/Finalizer$1 done
Event: 149.441 Loading class java/util/WeakHashMap$EntrySet
Event: 149.442 Loading class java/util/WeakHashMap$EntrySet done
Event: 149.442 Loading class java/util/WeakHashMap$EntryIterator
Event: 149.442 Loading class java/util/WeakHashMap$EntryIterator done
Event: 149.864 Loading class java/time/DurationEditor
Event: 149.864 Loading class java/time/DurationEditor done
Event: 267.841 Loading class java/time/DurationEditor
Event: 267.841 Loading class java/time/DurationEditor done
Event: 10009.010 Loading class java/util/concurrent/locks/ReentrantReadWriteLock$Sync$HoldCounter
Event: 10009.024 Loading class java/util/concurrent/locks/ReentrantReadWriteLock$Sync$HoldCounter done

Classes unloaded (20 events):
Event: 10009.409 Thread 0x000001beae806990 Unloading class 0x000001beb0954400 'jdk/internal/reflect/GeneratedSerializationConstructorAccessor84'
Event: 10009.409 Thread 0x000001beae806990 Unloading class 0x000001beb0a1a800 'jdk/internal/reflect/GeneratedSerializationConstructorAccessor83'
Event: 10009.409 Thread 0x000001beae806990 Unloading class 0x000001beb0a11c00 'jdk/internal/reflect/GeneratedSerializationConstructorAccessor82'
Event: 10009.409 Thread 0x000001beae806990 Unloading class 0x000001beb0509800 'jdk/internal/reflect/GeneratedSerializationConstructorAccessor81'
Event: 10009.409 Thread 0x000001beae806990 Unloading class 0x000001beb050b800 'jdk/internal/reflect/GeneratedSerializationConstructorAccessor80'
Event: 10009.409 Thread 0x000001beae806990 Unloading class 0x000001beb0a11000 'jdk/internal/reflect/GeneratedSerializationConstructorAccessor79'
Event: 10009.409 Thread 0x000001beae806990 Unloading class 0x000001beb050b400 'jdk/internal/reflect/GeneratedSerializationConstructorAccessor78'
Event: 10009.409 Thread 0x000001beae806990 Unloading class 0x000001beb08b8000 'jdk/internal/reflect/GeneratedSerializationConstructorAccessor77'
Event: 10009.409 Thread 0x000001beae806990 Unloading class 0x000001beb0515000 'java/lang/invoke/LambdaForm$MH+0x000001beb0515000'
Event: 10009.409 Thread 0x000001beae806990 Unloading class 0x000001beb0998c00 'java/lang/invoke/LambdaForm$MH+0x000001beb0998c00'
Event: 10009.409 Thread 0x000001beae806990 Unloading class 0x000001beb0574400 'jdk/internal/reflect/GeneratedSerializationConstructorAccessor76'
Event: 10009.409 Thread 0x000001beae806990 Unloading class 0x000001beb0575000 'jdk/internal/reflect/GeneratedSerializationConstructorAccessor75'
Event: 10009.409 Thread 0x000001beae806990 Unloading class 0x000001beb056c800 'jdk/internal/reflect/GeneratedSerializationConstructorAccessor74'
Event: 10009.409 Thread 0x000001beae806990 Unloading class 0x000001beb051c400 'jdk/internal/reflect/GeneratedSerializationConstructorAccessor73'
Event: 10229.862 Thread 0x000001beae806990 Unloading class 0x000001beb0508c00 'java/lang/invoke/LambdaForm$MH+0x000001beb0508c00'
Event: 10229.862 Thread 0x000001beae806990 Unloading class 0x000001beb04dcc00 'java/lang/invoke/LambdaForm$DMH+0x000001beb04dcc00'
Event: 10230.717 Thread 0x000001beae806990 Unloading class 0x000001beb0954400 'jdk/internal/reflect/GeneratedSerializationConstructorAccessor91'
Event: 10230.717 Thread 0x000001beae806990 Unloading class 0x000001beb057c800 'jdk/internal/reflect/GeneratedSerializationConstructorAccessor90'
Event: 10230.717 Thread 0x000001beae806990 Unloading class 0x000001beb057c400 'jdk/internal/reflect/GeneratedSerializationConstructorAccessor89'
Event: 10230.717 Thread 0x000001beae806990 Unloading class 0x000001beb097c800 'jdk/internal/reflect/GeneratedSerializationConstructorAccessor88'

Classes redefined (3 events):
Event: 147.787 Thread 0x000001beae806990 redefined class name=com.charles.desafiobackend.entity.Processo, count=1
Event: 265.460 Thread 0x000001beae806990 redefined class name=com.charles.desafiobackend.service.ProcessoService, count=1
Event: 265.460 Thread 0x000001beae806990 redefined class name=com.charles.desafiobackend.service.ProcessoService, count=1

Internal exceptions (20 events):
Event: 8405.308 Thread 0x000001bef4ed1520 Exception <a 'java/lang/NoSuchMethodError'{0x000000008a24be28}: static [B.<clinit>()V> (0x000000008a24be28) 
thrown [s\open\src\hotspot\share\prims\jni.cpp, line 1106]
Event: 8705.314 Thread 0x000001bef4ed1520 Exception <a 'java/lang/NoSuchMethodError'{0x000000008c892568}: static [B.<clinit>()V> (0x000000008c892568) 
thrown [s\open\src\hotspot\share\prims\jni.cpp, line 1106]
Event: 9005.331 Thread 0x000001bef4ed1520 Exception <a 'java/lang/NoSuchMethodError'{0x000000008b8a6740}: static [B.<clinit>()V> (0x000000008b8a6740) 
thrown [s\open\src\hotspot\share\prims\jni.cpp, line 1106]
Event: 9305.339 Thread 0x000001bef4ed1520 Exception <a 'java/lang/NoSuchMethodError'{0x000000008a4f1388}: static [B.<clinit>()V> (0x000000008a4f1388) 
thrown [s\open\src\hotspot\share\prims\jni.cpp, line 1106]
Event: 9605.368 Thread 0x000001bef4ed1520 Exception <a 'java/lang/NoSuchMethodError'{0x0000000089047510}: static [B.<clinit>()V> (0x0000000089047510) 
thrown [s\open\src\hotspot\share\prims\jni.cpp, line 1106]
Event: 9905.418 Thread 0x000001bef4ed1520 Exception <a 'java/lang/NoSuchMethodError'{0x00000000896832a8}: static [B.<clinit>()V> (0x00000000896832a8) 
thrown [s\open\src\hotspot\share\prims\jni.cpp, line 1106]
Event: 10205.399 Thread 0x000001bef4ed1520 Exception <a 'java/lang/NoSuchMethodError'{0x00000000917703f8}: static [B.<clinit>()V> (0x00000000917703f8) 
thrown [s\open\src\hotspot\share\prims\jni.cpp, line 1106]
Event: 10229.851 Thread 0x000001bef82311f0 Exception <a 'java/lang/InterruptedException'{0x0000000091200040}: sleep interrupted> (0x0000000091200040) 
thrown [s\open\src\hotspot\share\prims\jvm.cpp, line 3074]
Event: 10229.923 Thread 0x000001bef7efd360 Exception <a 'sun/nio/fs/WindowsException'{0x000000008c627fb0}> (0x000000008c627fb0) 
thrown [s\open\src\hotspot\share\prims\jni.cpp, line 520]
Event: 10230.405 Thread 0x000001bef7efd360 Exception <a 'java/lang/NoClassDefFoundError'{0x0000000089f1b338}: org/flywaydb/core/Flyway> (0x0000000089f1b338) 
thrown [s\open\src\hotspot\share\oops\constantPool.cpp, line 871]
Event: 10230.407 Thread 0x000001bef7efd360 Exception <a 'java/lang/NoClassDefFoundError'{0x0000000089f1b998}: liquibase/integration/spring/SpringLiquibase> (0x0000000089f1b998) 
thrown [s\open\src\hotspot\share\oops\constantPool.cpp, line 871]
Event: 10230.412 Thread 0x000001bef7efd360 Exception <a 'java/lang/NoClassDefFoundError'{0x0000000089fb6e00}: org/jooq/DSLContext> (0x0000000089fb6e00) 
thrown [s\open\src\hotspot\share\oops\constantPool.cpp, line 871]
Event: 10230.413 Thread 0x000001bef7efd360 Exception <a 'java/lang/NoClassDefFoundError'{0x0000000089fc5fa8}: org/springframework/batch/core/repository/JobRepository> (0x0000000089fc5fa8) 
thrown [s\open\src\hotspot\share\oops\constantPool.cpp, line 871]
Event: 10230.414 Thread 0x000001bef7efd360 Exception <a 'java/lang/NoClassDefFoundError'{0x0000000089fc6600}: org/quartz/Scheduler> (0x0000000089fc6600) 
thrown [s\open\src\hotspot\share\oops\constantPool.cpp, line 871]
Event: 10230.414 Thread 0x000001bef7efd360 Exception <a 'java/lang/NoClassDefFoundError'{0x0000000089fc6c80}: org/springframework/session/jdbc/JdbcIndexedSessionRepository> (0x0000000089fc6c80) 
thrown [s\open\src\hotspot\share\oops\constantPool.cpp, line 871]
Event: 10230.423 Thread 0x000001bef7efd360 Exception <a 'java/lang/NoSuchMethodError'{0x0000000089e811c0}: 'void java.lang.invoke.DelegatingMethodHandle$Holder.reinvoke_L(java.lang.Object, java.lang.Object, int)'> (0x0000000089e811c0) 
thrown [s\open\src\hotspot\share\interpreter\linkResolver.cpp, line 773]
Event: 10230.529 Thread 0x000001bef7efd360 Exception <a 'java/lang/NoSuchMethodError'{0x000000008937e920}: 'int java.lang.invoke.DirectMethodHandle$Holder.invokeVirtual(java.lang.Object, java.lang.Object, java.lang.Object, java.lang.Object)'> (0x000000008937e920) 
thrown [s\open\src\hotspot\share\interpreter\linkResolver.cpp, line 773]
Event: 10230.529 Thread 0x000001bef7efd360 Exception <a 'java/lang/NoSuchMethodError'{0x0000000089381ee8}: 'int java.lang.invoke.DelegatingMethodHandle$Holder.reinvoke_L(java.lang.Object, java.lang.Object, java.lang.Object, java.lang.Object)'> (0x0000000089381ee8) 
thrown [s\open\src\hotspot\share\interpreter\linkResolver.cpp, line 773]
Event: 10230.569 Thread 0x000001bef7efd360 Exception <a 'java/io/FileNotFoundException'{0x00000000893e9c48}> (0x00000000893e9c48) 
thrown [s\open\src\hotspot\share\prims\jni.cpp, line 520]
Event: 10230.931 Thread 0x000001bef7efd360 Exception <a 'java/io/FileNotFoundException'{0x000000008bab9928}> (0x000000008bab9928) 
thrown [s\open\src\hotspot\share\prims\jni.cpp, line 520]

ZGC Phase Switch (0 events):
No events

VM Operations (20 events):
Event: 10339.355 Executing VM operation: get/set locals
Event: 10339.355 Executing VM operation: get/set locals done
Event: 10339.356 Executing VM operation: get/set locals
Event: 10339.356 Executing VM operation: get/set locals done
Event: 10339.356 Executing VM operation: get/set locals
Event: 10339.356 Executing VM operation: get/set locals done
Event: 10339.357 Executing VM operation: get/set locals
Event: 10339.357 Executing VM operation: get/set locals done
Event: 10339.357 Executing VM operation: get/set locals
Event: 10339.357 Executing VM operation: get/set locals done
Event: 10339.358 Executing VM operation: get/set locals
Event: 10339.358 Executing VM operation: get/set locals done
Event: 10339.360 Executing VM operation: get/set locals
Event: 10339.360 Executing VM operation: get/set locals done
Event: 10339.360 Executing VM operation: get/set locals
Event: 10339.360 Executing VM operation: get/set locals done
Event: 10339.361 Executing VM operation: get/set locals
Event: 10339.361 Executing VM operation: get/set locals done
Event: 10339.362 Executing VM operation: get/set locals
Event: 10339.362 Executing VM operation: get/set locals done

Events (20 events):
Event: 10230.724 Thread 0x000001beae806990 flushing nmethod 0x000001bea669ad10
Event: 10230.724 Thread 0x000001beae806990 flushing nmethod 0x000001bea669aa10
Event: 10230.724 Thread 0x000001beae806990 flushing nmethod 0x000001bea6677a90
Event: 10230.724 Thread 0x000001beae806990 flushing nmethod 0x000001bea6677790
Event: 10230.724 Thread 0x000001beae806990 flushing nmethod 0x000001bea6677010
Event: 10230.724 Thread 0x000001beae806990 flushing nmethod 0x000001bea662f610
Event: 10230.724 Thread 0x000001beae806990 flushing nmethod 0x000001bea655e210
Event: 10230.724 Thread 0x000001beae806990 flushing nmethod 0x000001bea655d990
Event: 10230.724 Thread 0x000001beae806990 flushing nmethod 0x000001bea6527290
Event: 10230.724 Thread 0x000001beae806990 flushing nmethod 0x000001bea6526890
Event: 10230.724 Thread 0x000001beae806990 flushing nmethod 0x000001bea647df10
Event: 10230.724 Thread 0x000001beae806990 flushing nmethod 0x000001bea6440110
Event: 10230.729 Thread 0x000001bef7f01500 Thread added: 0x000001bef7f01500
Event: 10230.932 Thread 0x000001bef7eff430 Thread added: 0x000001bef7eff430
Event: 10230.932 Thread 0x000001bef7f028b0 Thread added: 0x000001bef7f028b0
Event: 10230.932 Thread 0x000001bef7f007e0 Thread added: 0x000001bef7f007e0
Event: 10235.898 Thread 0x000001bef7f01500 Thread exited: 0x000001bef7f01500
Event: 10235.990 Thread 0x000001bef80a6480 Thread exited: 0x000001bef80a6480
Event: 10235.990 Thread 0x000001bef5dba600 Thread exited: 0x000001bef5dba600
Event: 10235.990 Thread 0x000001bef5dbacd0 Thread exited: 0x000001bef5dbacd0


Dynamic libraries:
0x00007ff7db440000 - 0x00007ff7db450000 	C:\Program Files\Java\jdk-21\bin\javaw.exe
0x00007ffba5030000 - 0x00007ffba5247000 	C:\Windows\SYSTEM32\ntdll.dll
0x00007ffba2f30000 - 0x00007ffba2ff4000 	C:\Windows\System32\KERNEL32.DLL
0x00007ffba2530000 - 0x00007ffba28d7000 	C:\Windows\System32\KERNELBASE.dll
0x00007ffba2ad0000 - 0x00007ffba2be1000 	C:\Windows\System32\ucrtbase.dll
0x00007ffb8dfb0000 - 0x00007ffb8dfc9000 	C:\Program Files\Java\jdk-21\bin\jli.dll
0x00007ffb8df90000 - 0x00007ffb8dfab000 	C:\Program Files\Java\jdk-21\bin\VCRUNTIME140.dll
0x00007ffba3000000 - 0x00007ffba30b2000 	C:\Windows\System32\ADVAPI32.dll
0x00007ffba4200000 - 0x00007ffba42a7000 	C:\Windows\System32\msvcrt.dll
0x00007ffba4ec0000 - 0x00007ffba4f68000 	C:\Windows\System32\sechost.dll
0x00007ffba2980000 - 0x00007ffba29a8000 	C:\Windows\System32\bcrypt.dll
0x00007ffba4900000 - 0x00007ffba4a15000 	C:\Windows\System32\RPCRT4.dll
0x00007ffba4330000 - 0x00007ffba44de000 	C:\Windows\System32\USER32.dll
0x00007ffba28e0000 - 0x00007ffba2906000 	C:\Windows\System32\win32u.dll
0x00007ffba2d60000 - 0x00007ffba2d89000 	C:\Windows\System32\GDI32.dll
0x00007ffb83ea0000 - 0x00007ffb84133000 	C:\Windows\WinSxS\amd64_microsoft.windows.common-controls_6595b64144ccf1df_6.0.22621.3527_none_270e469b73872a76\COMCTL32.dll
0x00007ffba29b0000 - 0x00007ffba2ac9000 	C:\Windows\System32\gdi32full.dll
0x00007ffba23d0000 - 0x00007ffba246a000 	C:\Windows\System32\msvcp_win.dll
0x00007ffb89e20000 - 0x00007ffb89e2a000 	C:\Windows\SYSTEM32\VERSION.dll
0x00007ffba2ef0000 - 0x00007ffba2f21000 	C:\Windows\System32\IMM32.DLL
0x00007ffb9d4f0000 - 0x00007ffb9d4fc000 	C:\Program Files\Java\jdk-21\bin\vcruntime140_1.dll
0x00007ffb8dd20000 - 0x00007ffb8ddae000 	C:\Program Files\Java\jdk-21\bin\msvcp140.dll
0x00007ffb548b0000 - 0x00007ffb555c7000 	C:\Program Files\Java\jdk-21\bin\server\jvm.dll
0x00007ffba40a0000 - 0x00007ffba4111000 	C:\Windows\System32\WS2_32.dll
0x00007ffba13f0000 - 0x00007ffba143d000 	C:\Windows\SYSTEM32\POWRPROF.dll
0x00007ffb97970000 - 0x00007ffb979a4000 	C:\Windows\SYSTEM32\WINMM.dll
0x00007ffba13b0000 - 0x00007ffba13c3000 	C:\Windows\SYSTEM32\UMPDC.dll
0x00007ffba13d0000 - 0x00007ffba13e8000 	C:\Windows\SYSTEM32\kernel.appcore.dll
0x00007ffb9d4a0000 - 0x00007ffb9d4aa000 	C:\Program Files\Java\jdk-21\bin\jimage.dll
0x00007ffb96090000 - 0x00007ffb962c2000 	C:\Windows\SYSTEM32\DBGHELP.DLL
0x00007ffba39d0000 - 0x00007ffba3d58000 	C:\Windows\System32\combase.dll
0x00007ffba4720000 - 0x00007ffba47f7000 	C:\Windows\System32\OLEAUT32.dll
0x00007ffb88190000 - 0x00007ffb881c2000 	C:\Windows\SYSTEM32\dbgcore.DLL
0x00007ffba2350000 - 0x00007ffba23c9000 	C:\Windows\System32\bcryptPrimitives.dll
0x00007ffb722c0000 - 0x00007ffb722fc000 	C:\Program Files\Java\jdk-21\bin\jdwp.dll
0x00007ffb8e040000 - 0x00007ffb8e04f000 	C:\Program Files\Java\jdk-21\bin\instrument.dll
0x00007ffb8de90000 - 0x00007ffb8deaf000 	C:\Program Files\Java\jdk-21\bin\java.dll
0x00007ffba30c0000 - 0x00007ffba391c000 	C:\Windows\System32\SHELL32.dll
0x00007ffba0240000 - 0x00007ffba0b36000 	C:\Windows\SYSTEM32\windows.storage.dll
0x00007ffba0100000 - 0x00007ffba023e000 	C:\Windows\SYSTEM32\wintypes.dll
0x00007ffba4800000 - 0x00007ffba48f5000 	C:\Windows\System32\SHCORE.dll
0x00007ffba41a0000 - 0x00007ffba41fe000 	C:\Windows\System32\shlwapi.dll
0x00007ffba2280000 - 0x00007ffba22a1000 	C:\Windows\SYSTEM32\profapi.dll
0x00007ffb8e030000 - 0x00007ffb8e03c000 	C:\Program Files\Java\jdk-21\bin\dt_socket.dll
0x00007ffba0da0000 - 0x00007ffba0dcd000 	C:\Windows\SYSTEM32\IPHLPAPI.DLL
0x00007ffba1880000 - 0x00007ffba18e9000 	C:\Windows\system32\mswsock.dll
0x00007ffba0e10000 - 0x00007ffba0f08000 	C:\Windows\SYSTEM32\DNSAPI.dll
0x00007ffba4320000 - 0x00007ffba4329000 	C:\Windows\System32\NSI.dll
0x00007ffb97390000 - 0x00007ffb9739a000 	C:\Windows\System32\rasadhlp.dll
0x00007ffb998e0000 - 0x00007ffb99963000 	C:\Windows\System32\fwpuclnt.dll
0x00007ffb8de50000 - 0x00007ffb8de68000 	C:\Program Files\Java\jdk-21\bin\zip.dll
0x00007ffb933d0000 - 0x00007ffb933e0000 	C:\Program Files\Java\jdk-21\bin\net.dll
0x00007ffb9ba00000 - 0x00007ffb9bb36000 	C:\Windows\SYSTEM32\WINHTTP.dll
0x00007ffb8de70000 - 0x00007ffb8de86000 	C:\Program Files\Java\jdk-21\bin\nio.dll
0x00007ffb8db50000 - 0x00007ffb8db5a000 	C:\Program Files\Java\jdk-21\bin\management.dll
0x00007ffb8d9c0000 - 0x00007ffb8d9cb000 	C:\Program Files\Java\jdk-21\bin\management_ext.dll
0x00007ffba4710000 - 0x00007ffba4718000 	C:\Windows\System32\PSAPI.DLL
0x00007ffb7fd10000 - 0x00007ffb7fd27000 	C:\Windows\system32\napinsp.dll
0x00007ffb7fcc0000 - 0x00007ffb7fcdb000 	C:\Windows\system32\pnrpnsp.dll
0x00007ffb7fc50000 - 0x00007ffb7fc61000 	C:\Windows\System32\winrnr.dll
0x00007ffb9a840000 - 0x00007ffb9a855000 	C:\Windows\system32\wshbth.dll
0x00007ffb7fc20000 - 0x00007ffb7fc47000 	C:\Windows\system32\nlansp_c.dll
0x00007ffba1bd0000 - 0x00007ffba1beb000 	C:\Windows\SYSTEM32\CRYPTSP.dll
0x00007ffba1300000 - 0x00007ffba1335000 	C:\Windows\system32\rsaenh.dll
0x00007ffba1920000 - 0x00007ffba1948000 	C:\Windows\SYSTEM32\USERENV.dll
0x00007ffba1bb0000 - 0x00007ffba1bbc000 	C:\Windows\SYSTEM32\CRYPTBASE.dll
0x00007ffb8dcb0000 - 0x00007ffb8dcb9000 	C:\Program Files\Java\jdk-21\bin\extnet.dll
0x00007ffb8de40000 - 0x00007ffb8de50000 	C:\Program Files\Java\jdk-21\bin\verify.dll
0x00007ffb8dcc0000 - 0x00007ffb8dcce000 	C:\Program Files\Java\jdk-21\bin\sunmscapi.dll
0x00007ffba2bf0000 - 0x00007ffba2d58000 	C:\Windows\System32\CRYPT32.dll
0x00007ffba1cf0000 - 0x00007ffba1d1e000 	C:\Windows\SYSTEM32\ncrypt.dll
0x00007ffba1cb0000 - 0x00007ffba1ce7000 	C:\Windows\SYSTEM32\NTASN1.dll
0x00007ffb6a660000 - 0x00007ffb6a668000 	C:\Windows\system32\wshunix.dll

dbghelp: loaded successfully - version: 4.0.5 - missing functions: none
symbol engine: initialized successfully - sym options: 0x614 - pdb path: .;C:\Program Files\Java\jdk-21\bin;C:\Windows\SYSTEM32;C:\Windows\WinSxS\amd64_microsoft.windows.common-controls_6595b64144ccf1df_6.0.22621.3527_none_270e469b73872a76;C:\Program Files\Java\jdk-21\bin\server

VM Arguments:
jvm_args: -XX:+ShowCodeDetailsInExceptionMessages -agentlib:jdwp=transport=dt_socket,suspend=y,address=localhost:52563 -Dcom.sun.management.jmxremote -Dcom.sun.management.jmxremote.port=52561 -Dcom.sun.management.jmxremote.authenticate=false -Dcom.sun.management.jmxremote.ssl=false -Djava.rmi.server.hostname=localhost -Dspring.jmx.enabled=true -Dmanagement.endpoints.jmx.exposure.include=* -Dspring.application.admin.enabled=true -XX:TieredStopAtLevel=1 -Dspring.boot.project.name=desafio-backend -javaagent:C:\Users\char_\eclipse\java-2023-12\eclipse\configuration\org.eclipse.osgi\722\0\.cp\lib\javaagent-shaded.jar -Dfile.encoding=UTF-8 -Dstdout.encoding=UTF-8 -Dstderr.encoding=UTF-8 
java_command: com.charles.desafiobackend.DesafioBackendApplication --spring.output.ansi.enabled=always
java_class_path (initial): C:\Users\char_\eclipse-workspace\desafio-backend\target\classes;C:\Users\char_\.m2\repository\org\springframework\boot\spring-boot-starter-data-jpa\3.2.5\spring-boot-starter-data-jpa-3.2.5.jar;C:\Users\char_\.m2\repository\org\springframework\boot\spring-boot-starter-aop\3.2.5\spring-boot-starter-aop-3.2.5.jar;C:\Users\char_\.m2\repository\org\aspectj\aspectjweaver\1.9.22\aspectjweaver-1.9.22.jar;C:\Users\char_\.m2\repository\org\springframework\boot\spring-boot-starter-jdbc\3.2.5\spring-boot-starter-jdbc-3.2.5.jar;C:\Users\char_\.m2\repository\com\zaxxer\HikariCP\5.0.1\HikariCP-5.0.1.jar;C:\Users\char_\.m2\repository\org\springframework\spring-jdbc\6.1.6\spring-jdbc-6.1.6.jar;C:\Users\char_\.m2\repository\org\hibernate\orm\hibernate-core\6.4.4.Final\hibernate-core-6.4.4.Final.jar;C:\Users\char_\.m2\repository\jakarta\persistence\jakarta.persistence-api\3.1.0\jakarta.persistence-api-3.1.0.jar;C:\Users\char_\.m2\repository\jakarta\transaction\jakarta.transaction-api\2.0.1\jakarta.transaction-api-2.0.1.jar;C:\Users\char_\.m2\repository\org\jboss\logging\jboss-logging\3.5.3.Final\jboss-logging-3.5.3.Final.jar;C:\Users\char_\.m2\repository\org\hibernate\common\hibernate-commons-annotations\6.0.6.Final\hibernate-commons-annotations-6.0.6.Final.jar;C:\Users\char_\.m2\repository\io\smallrye\jandex\3.1.2\jandex-3.1.2.jar;C:\Users\char_\.m2\repository\com\fasterxml\classmate\1.6.0\classmate-1.6.0.jar;C:\Users\char_\.m2\repository\net\bytebuddy\byte-buddy\1.14.13\byte-buddy-1.14.13.jar;C:\Users\char_\.m2\repository\org\glassfish\jaxb\jaxb-runtime\4.0.5\jaxb-runtime-4.0.5.jar;C:\Users\char_\.m2\repository\org\glassfish\jaxb\jaxb-core\4.0.5\jaxb-core-4.0.5.jar;C:\Users\char_\.m2\repository\org\eclipse\angus\angus-activation\2.0.2\angus-activation-2.0.2.jar;C:\Users\char_\.m2\repository\org\glassfish\jaxb\txw2\4.0.5\txw2-4.0.5.jar;C:\Users\char_\.m2\repository\com\sun\istack\istack-commons-runtime\4.1.2\istack-commons-runtime-4.1.2.jar;C:\Users\char_\.m2\repository\jakarta\inject\jakarta.inject-api\2.0.1\jakarta.inject-api-2.0.1.jar;C:\Users\char_\.m2\repository\org\antlr\antlr4-runtime\4.13.0\antlr4-runtime-4.13.0.jar;C:\Users\char_\.m2\repository\org\springframework\data\spring-data-jpa\3.2.5\spring-data-jpa-3.2.5.jar;C:\Users\char_\.m2\repository\org\springframework\data\spring-data-commons\3.2.5\spring-data-commons-3.2.5.jar;C:\Users\char_\.m2\repository\org\springframework\spring-orm\6.1.6\spring-orm-6.1.6.jar;C:\Users\char_\.m2\repository\org\springframework\spring-context\6.1.6\spring-context-6.1.6.jar;C:\Users\char_\.m2\repository\org\springframework\spring-tx\6.1.6\spring-tx-6.1.6.jar;C:\Users\char_\.m2\repository\org\springframework\spring-beans\6.1.6\spring-beans-6.1.6.jar;C:\Users\char_\.m2\repository\jakarta\annotation\jakarta.annotation-api\2.1.1\jakarta.annotation-api-2.1.1.jar;C:\Users\char_\.m2\repository\org\slf4j\slf4j-api\2.0.13\slf4j-api-2.0.13.jar;C:\Users\char_\.m2\repository\org\springframework\spring-aspects\6.1.6\spring-aspects-6.1.6.jar;C:\Users\char_\.m2\repository\org\springframework\boot\spring-boot-starter-web\3.2.5\spring-boot-starter-web-3.2.5.jar;C:\Users\char_\.m2\repository\org\springframework\boot\spring-boot-starter\3.2.5\spring-boot-starter-3.2.5.jar;C:\Users\char_\.m2\repository\org\springframework\boot\spring-boot-starter-logging\3.2.5\spring-boot-starter-logging-3.2.5.jar;C:\Users\char_\.m2\repository\ch\qos\logback\logback-classic\1.4.14\logback-classic-1.4.14.jar;C:\Users\char_\.m2\repository\ch\qos\logback\logback-core\1.4.14\logback-core-1.4.14.jar;C:\Users\char_\.m2\repository\org\apache\logging\log4j\log4j-to-slf4j\2.21.1\log4j-to-slf4j-2.21.1.jar;C:\Users\char_\.m2\repository\org\apache\logging\log4j\log4j-api\2.21.1\log4j-api-2.21.1.jar;C:\Users\char_\.m2\repository\org\slf4j\jul-to-slf4j\2.0.13\jul-to-slf4j-2.0.13.jar;C:\Users\char_\.m2\repository\org\yaml\snakeyaml\2.2\snakeyaml-2.2.jar;C:\Users\char_\.m2\repository\org\springframework\boot\spring-boot-starter-json\3.2.5\spring-boot-starter-json-3.2.5.jar;C:\Users\char_\.m2\repository\com\fasterxml\jackson\datatype\jackson-datatype-jdk8\2.15.4\jackson-datatype-jdk8-2.15.4.jar;C:\Users\char_\.m2\repository\com\fasterxml\jackson\datatype\jackson-datatype-jsr310\2.15.4\jackson-datatype-jsr310-2.15.4.jar;C:\Users\char_\.m2\repository\com\fasterxml\jackson\module\jackson-module-parameter-names\2.15.4\jackson-module-parameter-names-2.15.4.jar;C:\Users\char_\.m2\repository\org\springframework\boot\spring-boot-starter-tomcat\3.2.5\spring-boot-starter-tomcat-3.2.5.jar;C:\Users\char_\.m2\repository\org\apache\tomcat\embed\tomcat-embed-core\10.1.20\tomcat-embed-core-10.1.20.jar;C:\Users\char_\.m2\repository\org\apache\tomcat\embed\tomcat-embed-websocket\10.1.20\tomcat-embed-websocket-10.1.20.jar;C:\Users\char_\.m2\repository\org\springframework\spring-web\6.1.6\spring-web-6.1.6.jar;C:\Users\char_\.m2\repository\io\micrometer\micrometer-observation\1.12.5\micrometer-observation-1.12.5.jar;C:\Users\char_\.m2\repository\io\micrometer\micrometer-commons\1.12.5\micrometer-commons-1.12.5.jar;C:\Users\char_\.m2\repository\org\springframework\spring-webmvc\6.1.6\spring-webmvc-6.1.6.jar;C:\Users\char_\.m2\repository\org\springframework\spring-expression\6.1.6\spring-expression-6.1.6.jar;C:\Users\char_\.m2\repository\org\springframework\boot\spring-boot-starter-validation\3.2.5\spring-boot-starter-validation-3.2.5.jar;C:\Users\char_\.m2\repository\org\apache\tomcat\embed\tomcat-embed-el\10.1.20\tomcat-embed-el-10.1.20.jar;C:\Users\char_\.m2\repository\org\hibernate\validator\hibernate-validator\8.0.1.Final\hibernate-validator-8.0.1.Final.jar;C:\Users\char_\.m2\repository\jakarta\validation\jakarta.validation-api\3.0.2\jakarta.validation-api-3.0.2.jar;C:\Users\char_\.m2\repository\org\springframework\boot\spring-boot-starter-security\3.2.5\spring-boot-starter-security-3.2.5.jar;C:\Users\char_\.m2\repository\org\springframework\spring-aop\6.1.6\spring-aop-6.1.6.jar;C:\Users\char_\.m2\repository\org\springframework\security\spring-security-config\6.2.4\spring-security-config-6.2.4.jar;C:\Users\char_\.m2\repository\org\springframework\security\spring-security-core\6.2.4\spring-security-core-6.2.4.jar;C:\Users\char_\.m2\repository\org\springframework\security\spring-security-crypto\6.2.4\spring-security-crypto-6.2.4.jar;C:\Users\char_\.m2\repository\org\springframework\security\spring-security-web\6.2.4\spring-security-web-6.2.4.jar;C:\Users\char_\.m2\repository\io\jsonwebtoken\jjwt-api\0.12.5\jjwt-api-0.12.5.jar;C:\Users\char_\.m2\repository\io\jsonwebtoken\jjwt-impl\0.12.5\jjwt-impl-0.12.5.jar;C:\Users\char_\.m2\repository\io\jsonwebtoken\jjwt-jackson\0.12.5\jjwt-jackson-0.12.5.jar;C:\Users\char_\.m2\repository\com\fasterxml\jackson\core\jackson-databind\2.15.4\jackson-databind-2.15.4.jar;C:\Users\char_\.m2\repository\com\fasterxml\jackson\core\jackson-annotations\2.15.4\jackson-annotations-2.15.4.jar;C:\Users\char_\.m2\repository\com\fasterxml\jackson\core\jackson-core\2.15.4\jackson-core-2.15.4.jar;C:\Users\char_\.m2\repository\org\springframework\boot\spring-boot-devtools\3.2.5\spring-boot-devtools-3.2.5.jar;C:\Users\char_\.m2\repository\org\springframework\boot\spring-boot\3.2.5\spring-boot-3.2.5.jar;C:\Users\char_\.m2\repository\org\springframework\boot\spring-boot-autoconfigure\3.2.5\spring-boot-autoconfigure-3.2.5.jar;C:\Users\char_\.m2\repository\com\h2database\h2\2.2.224\h2-2.2.224.jar;C:\Users\char_\.m2\repository\com\mysql\mysql-connector-j\8.3.0\mysql-connector-j-8.3.0.jar;C:\Users\char_\.m2\repository\org\projectlombok\lombok\1.18.32\lombok-1.18.32.jar;C:\Users\char_\.m2\repository\jakarta\xml\bind\jakarta.xml.bind-api\4.0.2\jakarta.xml.bind-api-4.0.2.jar;C:\Users\char_\.m2\repository\jakarta\activation\jakarta.activation-api\2.1.3\jakarta.activation-api-2.1.3.jar;C:\Users\char_\.m2\repository\org\springframework\spring-core\6.1.6\spring-core-6.1.6.jar;C:\Users\char_\.m2\repository\org\springframework\spring-jcl\6.1.6\spring-jcl-6.1.6.jar;C:\Users\char_\.m2\repository\org\springframework\boot\spring-boot-starter-webflux\3.2.5\spring-boot-starter-webflux-3.2.5.jar;C:\Users\char_\.m2\repository\org\springframework\boot\spring-boot-starter-reactor-netty\3.2.5\spring-boot-starter-reactor-netty-3.2.5.jar;C:\Users\char_\.m2\repository\io\projectreactor\netty\reactor-netty-http\1.1.18\reactor-netty-http-1.1.18.jar;C:\Users\char_\.m2\repository\io\netty\netty-codec-http\4.1.109.Final\netty-codec-http-4.1.109.Final.jar;C:\Users\char_\.m2\repository\io\netty\netty-common\4.1.109.Final\netty-common-4.1.109.Final.jar;C:\Users\char_\.m2\repository\io\netty\netty-buffer\4.1.109.Final\netty-buffer-4.1.109.Final.jar;C:\Users\char_\.m2\repository\io\netty\netty-transport\4.1.109.Final\netty-transport-4.1.109.Final.jar;C:\Users\char_\.m2\repository\io\netty\netty-codec\4.1.109.Final\netty-codec-4.1.109.Final.jar;C:\Users\char_\.m2\repository\io\netty\netty-handler\4.1.109.Final\netty-handler-4.1.109.Final.jar;C:\Users\char_\.m2\repository\io\netty\netty-codec-http2\4.1.109.Final\netty-codec-http2-4.1.109.Final.jar;C:\Users\char_\.m2\repository\io\netty\netty-resolver-dns\4.1.109.Final\netty-resolver-dns-4.1.109.Final.jar;C:\Users\char_\.m2\repository\io\netty\netty-resolver\4.1.109.Final\netty-resolver-4.1.109.Final.jar;C:\Users\char_\.m2\repository\io\netty\netty-codec-dns\4.1.109.Final\netty-codec-dns-4.1.109.Final.jar;C:\Users\char_\.m2\repository\io\netty\netty-resolver-dns-native-macos\4.1.109.Final\netty-resolver-dns-native-macos-4.1.109.Final-osx-x86_64.jar;C:\Users\char_\.m2\repository\io\netty\netty-resolver-dns-classes-macos\4.1.109.Final\netty-resolver-dns-classes-macos-4.1.109.Final.jar;C:\Users\char_\.m2\repository\io\netty\netty-transport-native-epoll\4.1.109.Final\netty-transport-native-epoll-4.1.109.Final-linux-x86_64.jar;C:\Users\char_\.m2\repository\io\netty\netty-transport-native-unix-common\4.1.109.Final\netty-transport-native-unix-common-4.1.109.Final.jar;C:\Users\char_\.m2\repository\io\netty\netty-transport-classes-epoll\4.1.109.Final\netty-transport-classes-epoll-4.1.109.Final.jar;C:\Users\char_\.m2\repository\io\projectreactor\netty\reactor-netty-core\1.1.18\reactor-netty-core-1.1.18.jar;C:\Users\char_\.m2\repository\io\netty\netty-handler-proxy\4.1.109.Final\netty-handler-proxy-4.1.109.Final.jar;C:\Users\char_\.m2\repository\io\netty\netty-codec-socks\4.1.109.Final\netty-codec-socks-4.1.109.Final.jar;C:\Users\char_\.m2\repository\org\springframework\spring-webflux\6.1.6\spring-webflux-6.1.6.jar;C:\Users\char_\.m2\repository\io\projectreactor\reactor-core\3.6.5\reactor-core-3.6.5.jar;C:\Users\char_\.m2\repository\org\reactivestreams\reactive-streams\1.0.4\reactive-streams-1.0.4.jar;C:\Users\char_\.m2\repository\org\modelmapper\modelmapper\3.0.0\modelmapper-3.0.0.jar;C:\Users\char_\.m2\repository\org\springdoc\springdoc-openapi-starter-webmvc-ui\2.2.0\springdoc-openapi-starter-webmvc-ui-2.2.0.jar;C:\Users\char_\.m2\repository\org\springdoc\springdoc-openapi-starter-webmvc-api\2.2.0\springdoc-openapi-starter-webmvc-api-2.2.0.jar;C:\Users\char_\.m2\repository\org\springdoc\springdoc-openapi-starter-common\2.2.0\springdoc-openapi-starter-common-2.2.0.jar;C:\Users\char_\.m2\repository\io\swagger\core\v3\swagger-core-jakarta\2.2.15\swagger-core-jakarta-2.2.15.jar;C:\Users\char_\.m2\repository\org\apache\commons\commons-lang3\3.13.0\commons-lang3-3.13.0.jar;C:\Users\char_\.m2\repository\io\swagger\core\v3\swagger-annotations-jakarta\2.2.15\swagger-annotations-jakarta-2.2.15.jar;C:\Users\char_\.m2\repository\io\swagger\core\v3\swagger-models-jakarta\2.2.15\swagger-models-jakarta-2.2.15.jar;C:\Users\char_\.m2\repository\com\fasterxml\jackson\dataformat\jackson-dataformat-yaml\2.15.4\jackson-dataformat-yaml-2.15.4.jar;C:\Users\char_\.m2\repository\org\webjars\swagger-ui\5.2.0\swagger-ui-5.2.0.jar
Launcher Type: SUN_STANDARD

[Global flags]
     intx CICompilerCount                          = 4                                         {product} {ergonomic}
     uint ConcGCThreads                            = 3                                         {product} {ergonomic}
     uint G1ConcRefinementThreads                  = 10                                        {product} {ergonomic}
   size_t G1HeapRegionSize                         = 1048576                                   {product} {ergonomic}
    uintx GCDrainStackTargetSize                   = 64                                        {product} {ergonomic}
   size_t InitialHeapSize                          = 130023424                                 {product} {ergonomic}
     bool ManagementServer                         = true                                      {product} {command line}
   size_t MarkStackSize                            = 4194304                                   {product} {ergonomic}
   size_t MaxHeapSize                              = 2053111808                                {product} {ergonomic}
   size_t MaxNewSize                               = 1231028224                                {product} {ergonomic}
   size_t MinHeapDeltaBytes                        = 1048576                                   {product} {ergonomic}
   size_t MinHeapSize                              = 8388608                                   {product} {ergonomic}
    uintx NonNMethodCodeHeapSize                   = 4096                                   {pd product} {ergonomic}
    uintx NonProfiledCodeHeapSize                  = 0                                      {pd product} {ergonomic}
     bool ProfileInterpreter                       = false                                  {pd product} {command line}
    uintx ProfiledCodeHeapSize                     = 0                                      {pd product} {ergonomic}
     bool ShowCodeDetailsInExceptionMessages       = true                                   {manageable} {command line}
   size_t SoftMaxHeapSize                          = 2053111808                             {manageable} {ergonomic}
     intx TieredStopAtLevel                        = 1                                         {product} {command line}
     bool UseCompressedOops                        = true                           {product lp64_product} {ergonomic}
     bool UseG1GC                                  = true                                      {product} {ergonomic}
     bool UseLargePagesIndividualAllocation        = false                                  {pd product} {ergonomic}

Logging:
Log output configuration:
 #0: stdout all=warning uptime,level,tags foldmultilines=false
 #1: stderr all=off uptime,level,tags foldmultilines=false

Environment Variables:
PATH=C:\Program Files\Common Files\Oracle\Java\javapath;C:\Python312\Scripts\;C:\Python312\;C:\Windows\system32;C:\Windows;C:\Windows\System32\Wbem;C:\Windows\System32\WindowsPowerShell\v1.0\;C:\Windows\System32\OpenSSH\;C:\Program Files\nodejs\;C:\ProgramData\chocolatey\bin;C:\Program Files\MySQL\MySQL Server 8.2\bin;C:\Program Files\MongoDB\Server\7.0\bin;C:\Program Files\Git\cmd;C:\Program Files (x86)\Google\Cloud SDK\google-cloud-sdk\bin;C:\Program Files\PuTTY\;C:\xampp\php;C:\ProgramData\ComposerSetup\bin;C:\Program Files\Amazon\AWSCLIV2\;C:\Program Files\Docker\Docker\resources\bin;C:\Users\char_\AppData\Local\Microsoft\WindowsApps;C:\Users\Public\Microsoft VS Code\bin;C:\Users\char_\AppData\Roaming\npm;C:\Program Files\heroku\bin;C:\Users\char_\AppData\Local\GitHubDesktop\bin;C:\Users\char_\AppData\Roaming\Composer\vendor\bin;C:\composer;;C:\Program Files\JetBrains\PhpStorm 2023.3.6\bin;
USERNAME=Gouveia
OS=Windows_NT
PROCESSOR_IDENTIFIER=Intel64 Family 6 Model 186 Stepping 2, GenuineIntel
TMP=C:\Users\char_\AppData\Local\Temp
TEMP=C:\Users\char_\AppData\Local\Temp




Periodic native trim disabled

---------------  S Y S T E M  ---------------

OS:
 Windows 11 , 64 bit Build 22621 (10.0.22621.3527)
OS uptime: 4 days 0:56 hours
Hyper-V role detected

CPU: total 12 (initial active 12) (6 cores per cpu, 2 threads per core) family 6 model 186 stepping 2 microcode 0x410c, cx8, cmov, fxsr, ht, mmx, 3dnowpref, sse, sse2, sse3, ssse3, sse4.1, sse4.2, popcnt, lzcnt, tsc, tscinvbit, avx, avx2, aes, erms, clmul, bmi1, bmi2, adx, sha, fma, vzeroupper, clflush, clflushopt, clwb, hv, serialize, rdtscp, rdpid, fsrm, f16c, cet_ibt, cet_ss
Processor Information for processor 0
  Max Mhz: 2100, Current Mhz: 2100, Mhz Limit: 2100
Processor Information for processor 1
  Max Mhz: 2100, Current Mhz: 2100, Mhz Limit: 2100
Processor Information for processor 2
  Max Mhz: 2100, Current Mhz: 2100, Mhz Limit: 2100
Processor Information for processor 3
  Max Mhz: 2100, Current Mhz: 2100, Mhz Limit: 2100
Processor Information for processor 4
  Max Mhz: 2100, Current Mhz: 2100, Mhz Limit: 2100
Processor Information for processor 5
  Max Mhz: 2100, Current Mhz: 2100, Mhz Limit: 2100
Processor Information for processor 6
  Max Mhz: 2100, Current Mhz: 2100, Mhz Limit: 2100
Processor Information for processor 7
  Max Mhz: 2100, Current Mhz: 2100, Mhz Limit: 2100
Processor Information for processor 8
  Max Mhz: 2100, Current Mhz: 1500, Mhz Limit: 1491
Processor Information for processor 9
  Max Mhz: 2100, Current Mhz: 1500, Mhz Limit: 1491
Processor Information for processor 10
  Max Mhz: 2100, Current Mhz: 1500, Mhz Limit: 1491
Processor Information for processor 11
  Max Mhz: 2100, Current Mhz: 1500, Mhz Limit: 1491

Memory: 4k page, system-wide physical 7827M (524M free)
TotalPageFile size 23106M (AvailPageFile size 4993M)
current process WorkingSet (physical memory assigned to process): 283M, peak: 458M
current process commit charge ("private bytes"): 356M, peak: 574M

vm_info: Java HotSpot(TM) 64-Bit Server VM (21.0.2+13-LTS-58) for windows-amd64 JRE (21.0.2+13-LTS-58), built on 2024-01-05T18:32:24Z by "mach5one" with MS VC++ 17.1 (VS2022)

END.
